mode: atomic
github.com/gkgoat1/scripts/prtag/prtag.go:31.36,36.16 4 15
github.com/gkgoat1/scripts/prtag/prtag.go:36.16,37.29 1 1
github.com/gkgoat1/scripts/prtag/prtag.go:37.29,39.4 1 1
github.com/gkgoat1/scripts/prtag/prtag.go:40.3,40.21 1 0
github.com/gkgoat1/scripts/prtag/prtag.go:43.2,44.9 2 14
github.com/gkgoat1/scripts/prtag/prtag.go:44.9,46.3 1 3
github.com/gkgoat1/scripts/prtag/prtag.go:48.2,51.6 3 11
github.com/gkgoat1/scripts/prtag/prtag.go:51.6,53.44 2 17
github.com/gkgoat1/scripts/prtag/prtag.go:53.44,55.4 1 0
github.com/gkgoat1/scripts/prtag/prtag.go:57.3,57.33 1 17
github.com/gkgoat1/scripts/prtag/prtag.go:57.33,59.9 2 7
github.com/gkgoat1/scripts/prtag/prtag.go:62.3,64.29 2 10
github.com/gkgoat1/scripts/prtag/prtag.go:64.29,65.9 1 4
github.com/gkgoat1/scripts/prtag/prtag.go:69.2,69.21 1 11
github.com/gkgoat1/scripts/prtag/prtag.go:69.21,71.3 1 4
github.com/gkgoat1/scripts/prtag/prtag.go:74.2,75.16 2 7
github.com/gkgoat1/scripts/prtag/prtag.go:75.16,77.3 1 2
github.com/gkgoat1/scripts/prtag/prtag.go:79.2,80.9 2 5
github.com/gkgoat1/scripts/prtag/prtag.go:80.9,82.3 1 1
github.com/gkgoat1/scripts/prtag/prtag.go:84.2,85.16 2 4
github.com/gkgoat1/scripts/prtag/prtag.go:85.16,87.3 1 0
github.com/gkgoat1/scripts/prtag/prtag.go:88.2,88.43 1 4
github.com/gkgoat1/scripts/prtag/prtag.go:88.43,90.3 1 2
github.com/gkgoat1/scripts/prtag/prtag.go:92.2,96.8 1 2
github.com/gkgoat1/scripts/prtag/prtag.go:103.37,105.54 2 7
github.com/gkgoat1/scripts/prtag/prtag.go:105.54,107.3 1 3
github.com/gkgoat1/scripts/prtag/prtag.go:109.2,110.16 2 4
github.com/gkgoat1/scripts/prtag/prtag.go:110.16,112.3 1 3
github.com/gkgoat1/scripts/prtag/prtag.go:113.2,113.41 1 4
github.com/gkgoat1/scripts/prtag/prtag.go:113.41,115.3 1 0
github.com/gkgoat1/scripts/prtag/prtag.go:117.2,119.50 2 4
github.com/gkgoat1/scripts/prtag/prtag.go:119.50,121.3 1 1
github.com/gkgoat1/scripts/prtag/prtag.go:123.2,133.34 10 4
github.com/gkgoat1/scripts/prtag/prtag.go:136.42,138.16 2 1
github.com/gkgoat1/scripts/prtag/prtag.go:138.16,140.3 1 0
github.com/gkgoat1/scripts/prtag/prtag.go:141.2,141.17 1 1
github.com/gkgoat1/scripts/prtag/prtag.go:144.61,146.16 2 2
github.com/gkgoat1/scripts/prtag/prtag.go:146.16,148.3 1 0
github.com/gkgoat1/scripts/prtag/prtag.go:149.2,149.36 1 2
github.com/gkgoat1/scripts/prtag/prtag.go:152.41,157.2 3 19
github.com/gkgoat1/scripts/prtag/prtag.go:159.48,161.16 2 39
github.com/gkgoat1/scripts/prtag/prtag.go:161.16,163.3 1 32
github.com/gkgoat1/scripts/prtag/prtag.go:164.2,164.28 1 7
github.com/gkgoat1/scripts/prtag/prtag.go:164.28,167.3 1 7
github.com/gkgoat1/scripts/prtag/prtag.go:168.2,168.16 1 0
github.com/gkgoat1/scripts/prtag/prtag.go:171.60,172.6 1 7
github.com/gkgoat1/scripts/prtag/prtag.go:172.6,174.44 2 7
github.com/gkgoat1/scripts/prtag/prtag.go:174.44,176.4 1 0
github.com/gkgoat1/scripts/prtag/prtag.go:177.3,177.36 1 7
github.com/gkgoat1/scripts/prtag/prtag.go:177.36,179.4 1 5
github.com/gkgoat1/scripts/prtag/prtag.go:180.3,180.29 1 2
github.com/gkgoat1/scripts/prtag/prtag.go:180.29,182.4 1 2
github.com/gkgoat1/scripts/prtag/prtag.go:186.50,188.35 2 14
github.com/gkgoat1/scripts/prtag/prtag.go:188.35,190.3 1 2
github.com/gkgoat1/scripts/prtag/prtag.go:191.2,192.16 2 12
github.com/gkgoat1/scripts/prtag/prtag.go:192.16,194.3 1 1
github.com/gkgoat1/scripts/prtag/prtag.go:195.2,195.40 1 11
github.com/gkgoat1/scripts/prtag/prtag.go:195.40,197.3 1 0
github.com/gkgoat1/scripts/prtag/prtag.go:198.2,198.19 1 11
github.com/gkgoat1/scripts/prtag/prtag.go:201.53,203.65 2 5
github.com/gkgoat1/scripts/prtag/prtag.go:203.65,205.3 1 1
github.com/gkgoat1/scripts/prtag/prtag.go:206.2,207.17 2 4
github.com/gkgoat1/scripts/prtag/prtag.go:207.17,209.3 1 0
github.com/gkgoat1/scripts/prtag/prtag.go:210.2,210.42 1 4
github.com/gkgoat1/scripts/prtag/prtag.go:210.42,212.3 1 0
github.com/gkgoat1/scripts/prtag/prtag.go:213.2,213.20 1 4
github.com/gkgoat1/scripts/prtag/prtag.go:216.35,218.2 1 36
github.com/gkgoat1/scripts/forfiles/forfiles.go:11.13,22.21 6 0
github.com/gkgoat1/scripts/forfiles/forfiles.go:22.21,27.25 3 0
github.com/gkgoat1/scripts/forfiles/forfiles.go:27.25,29.4 1 0
github.com/gkgoat1/scripts/forfiles/forfiles.go:30.3,31.26 2 0
github.com/gkgoat1/scripts/forfiles/forfiles.go:31.26,33.18 2 0
github.com/gkgoat1/scripts/forfiles/forfiles.go:33.18,35.5 1 0
github.com/gkgoat1/scripts/forfiles/forfiles.go:36.4,37.20 2 0
github.com/gkgoat1/scripts/forfiles/forfiles.go:42.2,42.38 1 0
github.com/gkgoat1/scripts/forfiles/forfiles.go:42.38,45.3 1 0
github.com/gkgoat1/scripts/forfiles/forfiles.go:47.2,47.25 1 0
github.com/gkgoat1/scripts/forfiles/forfiles.go:47.25,49.3 1 0
github.com/gkgoat1/scripts/workspace/scanner.go:54.38,56.2 1 2
github.com/gkgoat1/scripts/workspace/scanner.go:58.38,60.2 1 0
github.com/gkgoat1/scripts/workspace/scanner.go:66.35,67.24 1 1
github.com/gkgoat1/scripts/workspace/scanner.go:67.24,69.3 1 0
github.com/gkgoat1/scripts/workspace/scanner.go:70.2,72.31 3 1
github.com/gkgoat1/scripts/workspace/scanner.go:72.31,75.3 2 1
github.com/gkgoat1/scripts/workspace/scanner.go:76.2,76.19 1 1
github.com/gkgoat1/scripts/workspace/scanner.go:79.54,84.2 1 11
github.com/gkgoat1/scripts/workspace/scanner.go:86.41,88.2 1 2
github.com/gkgoat1/scripts/workspace/scanner.go:90.63,92.16 2 11
github.com/gkgoat1/scripts/workspace/scanner.go:92.16,94.3 1 1
github.com/gkgoat1/scripts/workspace/scanner.go:95.2,95.23 1 10
github.com/gkgoat1/scripts/workspace/scanner.go:95.23,97.3 1 1
github.com/gkgoat1/scripts/workspace/scanner.go:99.2,100.16 2 9
github.com/gkgoat1/scripts/workspace/scanner.go:100.16,102.3 1 1
github.com/gkgoat1/scripts/workspace/scanner.go:104.2,104.43 1 8
github.com/gkgoat1/scripts/workspace/scanner.go:104.43,106.3 1 4
github.com/gkgoat1/scripts/workspace/scanner.go:107.2,107.26 1 8
github.com/gkgoat1/scripts/workspace/scanner.go:107.26,108.53 1 12
github.com/gkgoat1/scripts/workspace/scanner.go:108.53,110.4 1 2
github.com/gkgoat1/scripts/workspace/scanner.go:113.2,117.19 2 8
github.com/gkgoat1/scripts/workspace/scanner.go:117.19,119.3 1 1
github.com/gkgoat1/scripts/workspace/scanner.go:120.2,120.18 1 7
github.com/gkgoat1/scripts/workspace/scanner.go:123.86,126.16 3 1
github.com/gkgoat1/scripts/workspace/scanner.go:126.16,128.3 1 0
github.com/gkgoat1/scripts/workspace/scanner.go:129.2,129.24 1 1
github.com/gkgoat1/scripts/workspace/scanner.go:132.93,133.34 1 29
github.com/gkgoat1/scripts/workspace/scanner.go:133.34,135.3 1 1
github.com/gkgoat1/scripts/workspace/scanner.go:137.2,138.16 2 28
github.com/gkgoat1/scripts/workspace/scanner.go:138.16,141.3 1 0
github.com/gkgoat1/scripts/workspace/scanner.go:142.2,148.32 5 28
github.com/gkgoat1/scripts/workspace/scanner.go:148.32,149.49 1 33
github.com/gkgoat1/scripts/workspace/scanner.go:149.49,151.9 2 13
github.com/gkgoat1/scripts/workspace/scanner.go:155.2,155.14 1 28
github.com/gkgoat1/scripts/workspace/scanner.go:155.14,157.17 2 13
github.com/gkgoat1/scripts/workspace/scanner.go:157.17,159.4 1 1
github.com/gkgoat1/scripts/workspace/scanner.go:159.9,161.4 1 12
github.com/gkgoat1/scripts/workspace/scanner.go:164.2,164.32 1 28
github.com/gkgoat1/scripts/workspace/scanner.go:164.32,165.21 1 43
github.com/gkgoat1/scripts/workspace/scanner.go:165.21,166.12 1 15
github.com/gkgoat1/scripts/workspace/scanner.go:168.3,168.29 1 28
github.com/gkgoat1/scripts/workspace/scanner.go:168.29,169.12 1 7
github.com/gkgoat1/scripts/workspace/scanner.go:171.3,171.31 1 21
github.com/gkgoat1/scripts/workspace/scanner.go:171.31,172.12 1 1
github.com/gkgoat1/scripts/workspace/scanner.go:175.3,177.17 3 20
github.com/gkgoat1/scripts/workspace/scanner.go:177.17,179.4 1 0
github.com/gkgoat1/scripts/workspace/scanner.go:180.3,181.36 2 20
github.com/gkgoat1/scripts/workspace/scanner.go:184.2,184.28 1 28
github.com/gkgoat1/scripts/workspace/scanner.go:187.69,190.16 3 13
github.com/gkgoat1/scripts/workspace/scanner.go:190.16,192.3 1 0
github.com/gkgoat1/scripts/workspace/scanner.go:193.2,194.16 2 13
github.com/gkgoat1/scripts/workspace/scanner.go:194.16,196.3 1 1
github.com/gkgoat1/scripts/workspace/scanner.go:198.2,199.16 2 12
github.com/gkgoat1/scripts/workspace/scanner.go:199.16,201.3 1 0
github.com/gkgoat1/scripts/workspace/scanner.go:202.2,206.8 1 12
github.com/gkgoat1/scripts/workspace/scanner.go:209.65,213.32 3 12
github.com/gkgoat1/scripts/workspace/scanner.go:213.32,215.17 2 21
github.com/gkgoat1/scripts/workspace/scanner.go:215.17,217.4 1 0
github.com/gkgoat1/scripts/workspace/scanner.go:218.3,220.33 2 21
github.com/gkgoat1/scripts/workspace/scanner.go:220.33,221.22 1 32
github.com/gkgoat1/scripts/workspace/scanner.go:221.22,222.13 1 15
github.com/gkgoat1/scripts/workspace/scanner.go:224.4,224.32 1 17
github.com/gkgoat1/scripts/workspace/scanner.go:224.32,225.13 1 1
github.com/gkgoat1/scripts/workspace/scanner.go:227.4,227.30 1 16
github.com/gkgoat1/scripts/workspace/scanner.go:227.30,229.13 2 7
github.com/gkgoat1/scripts/workspace/scanner.go:231.4,231.61 1 9
github.com/gkgoat1/scripts/workspace/scanner.go:231.61,233.5 1 0
github.com/gkgoat1/scripts/workspace/scanner.go:235.3,235.13 1 21
github.com/gkgoat1/scripts/workspace/scanner.go:238.2,238.42 1 12
github.com/gkgoat1/scripts/workspace/scanner.go:238.42,240.3 1 0
github.com/gkgoat1/scripts/workspace/scanner.go:241.2,241.19 1 12
github.com/gkgoat1/scripts/workspace/scanner.go:244.44,247.34 3 1
github.com/gkgoat1/scripts/workspace/scanner.go:247.34,249.3 1 2
github.com/gkgoat1/scripts/workspace/scanner.go:250.2,250.34 1 1
github.com/gkgoat1/scripts/workspace/scanner.go:250.34,252.3 1 2
github.com/gkgoat1/scripts/workspace/scanner.go:254.2,256.34 2 1
github.com/gkgoat1/scripts/workspace/scanner.go:256.34,258.10 2 2
github.com/gkgoat1/scripts/workspace/scanner.go:258.10,260.12 2 1
github.com/gkgoat1/scripts/workspace/scanner.go:262.3,262.27 1 1
github.com/gkgoat1/scripts/workspace/scanner.go:262.27,264.4 1 1
github.com/gkgoat1/scripts/workspace/scanner.go:267.2,267.31 1 1
github.com/gkgoat1/scripts/workspace/scanner.go:267.31,268.37 1 2
github.com/gkgoat1/scripts/workspace/scanner.go:268.37,270.4 1 1
github.com/gkgoat1/scripts/workspace/scanner.go:273.2,273.53 1 1
github.com/gkgoat1/scripts/workspace/scanner.go:273.53,275.3 1 0
github.com/gkgoat1/scripts/workspace/scanner.go:276.2,276.55 1 1
github.com/gkgoat1/scripts/workspace/scanner.go:276.55,278.3 1 0
github.com/gkgoat1/scripts/workspace/scanner.go:279.2,281.13 2 1
github.com/gkgoat1/scripts/workspace/scanner.go:284.37,285.22 1 1
github.com/gkgoat1/scripts/workspace/scanner.go:285.22,287.3 1 0
github.com/gkgoat1/scripts/workspace/scanner.go:288.2,288.20 1 1
github.com/gkgoat1/scripts/workspace/scanner.go:288.20,290.3 1 1
github.com/gkgoat1/scripts/workspace/scanner.go:291.2,291.34 1 0
github.com/gkgoat1/scripts/workspace/scanner.go:291.34,293.3 1 0
github.com/gkgoat1/scripts/workspace/scanner.go:294.2,294.25 1 0
github.com/gkgoat1/scripts/workspace/scanner.go:294.25,295.41 1 0
github.com/gkgoat1/scripts/workspace/scanner.go:295.41,297.4 1 0
github.com/gkgoat1/scripts/workspace/scanner.go:299.2,299.13 1 0
github.com/gkgoat1/scripts/workspace/scanner.go:302.44,303.42 1 49
github.com/gkgoat1/scripts/workspace/scanner.go:303.42,305.3 1 26
github.com/gkgoat1/scripts/workspace/scanner.go:308.48,310.2 1 38
github.com/gkgoat1/scripts/workspace/scanner.go:314.51,314.79 1 1
github.com/gkgoat1/scripts/workspace/scanner.go:315.57,317.2 1 5
github.com/gkgoat1/scripts/workspace/scanner.go:318.52,318.76 1 2
github.com/gkgoat1/scripts/workspace/scanner.go:319.52,319.85 1 4
github.com/gkgoat1/scripts/workspace/scanner.go:325.35,326.24 1 1
github.com/gkgoat1/scripts/workspace/scanner.go:326.24,328.3 1 0
github.com/gkgoat1/scripts/workspace/scanner.go:329.2,329.33 1 1
github.com/gkgoat1/scripts/interpose/policy/tcc/paths.go:12.42,22.2 1 7
github.com/gkgoat1/scripts/interpose/policy/tcc/paths.go:25.32,27.16 2 4
github.com/gkgoat1/scripts/interpose/policy/tcc/paths.go:27.16,29.3 1 0
github.com/gkgoat1/scripts/interpose/policy/tcc/paths.go:30.2,31.49 2 4
github.com/gkgoat1/scripts/interpose/policy/tcc/paths.go:31.49,33.3 1 28
github.com/gkgoat1/scripts/interpose/policy/tcc/paths.go:34.2,35.14 2 4
github.com/gkgoat1/scripts/interpose/policy/tcc/paths.go:39.49,40.16 1 6
github.com/gkgoat1/scripts/interpose/policy/tcc/paths.go:40.16,42.3 1 0
github.com/gkgoat1/scripts/interpose/policy/tcc/paths.go:43.2,43.35 1 6
github.com/gkgoat1/scripts/interpose/policy/tcc/paths.go:43.35,45.17 2 0
github.com/gkgoat1/scripts/interpose/policy/tcc/paths.go:45.17,47.4 1 0
github.com/gkgoat1/scripts/interpose/policy/tcc/paths.go:48.3,48.39 1 0
github.com/gkgoat1/scripts/interpose/policy/tcc/paths.go:49.8,49.24 1 6
github.com/gkgoat1/scripts/interpose/policy/tcc/paths.go:49.24,51.17 2 0
github.com/gkgoat1/scripts/interpose/policy/tcc/paths.go:51.17,53.4 1 0
github.com/gkgoat1/scripts/interpose/policy/tcc/paths.go:54.3,54.14 1 0
github.com/gkgoat1/scripts/interpose/policy/tcc/paths.go:56.2,56.27 1 6
github.com/gkgoat1/scripts/interpose/policy/tcc/paths.go:56.27,58.17 2 0
github.com/gkgoat1/scripts/interpose/policy/tcc/paths.go:58.17,60.4 1 0
github.com/gkgoat1/scripts/interpose/policy/tcc/paths.go:61.3,61.34 1 0
github.com/gkgoat1/scripts/interpose/policy/tcc/paths.go:63.2,65.16 3 6
github.com/gkgoat1/scripts/interpose/policy/tcc/paths.go:65.16,67.3 1 5
github.com/gkgoat1/scripts/interpose/policy/tcc/paths.go:68.2,68.18 1 6
github.com/gkgoat1/scripts/interpose/policy/tcc/paths.go:72.36,74.30 2 4
github.com/gkgoat1/scripts/interpose/policy/tcc/paths.go:74.30,76.3 1 0
github.com/gkgoat1/scripts/interpose/policy/tcc/paths.go:77.2,77.40 1 4
github.com/gkgoat1/scripts/interpose/policy/tcc/paths.go:77.40,79.79 2 23
github.com/gkgoat1/scripts/interpose/policy/tcc/paths.go:79.79,81.4 1 2
github.com/gkgoat1/scripts/interpose/policy/tcc/paths.go:83.2,83.14 1 2
github.com/gkgoat1/scripts/interpose/policy/tcc/paths.go:87.43,88.49 1 3
github.com/gkgoat1/scripts/interpose/policy/tcc/paths.go:88.49,89.18 1 10
github.com/gkgoat1/scripts/interpose/policy/tcc/paths.go:89.18,91.4 1 2
github.com/gkgoat1/scripts/interpose/policy/tcc/paths.go:93.2,93.14 1 1
github.com/gkgoat1/scripts/interpose/policy/tcc/paths.go:97.47,99.16 2 2
github.com/gkgoat1/scripts/interpose/policy/tcc/paths.go:99.16,101.3 1 0
github.com/gkgoat1/scripts/interpose/policy/tcc/paths.go:102.2,103.33 2 2
github.com/gkgoat1/scripts/interpose/policy/tcc/paths.go:103.33,105.3 1 1
github.com/gkgoat1/scripts/interpose/policy/tcc/paths.go:106.2,106.26 1 1
github.com/gkgoat1/scripts/interpose/core/context.go:17.73,26.2 2 0
github.com/gkgoat1/scripts/interpose/core/exec.go:23.36,23.60 1 0
github.com/gkgoat1/scripts/interpose/core/exec.go:25.75,27.2 1 0
github.com/gkgoat1/scripts/interpose/core/exec.go:29.45,29.59 1 0
github.com/gkgoat1/scripts/interpose/core/exec.go:31.53,31.67 1 0
github.com/gkgoat1/scripts/interpose/core/exec.go:34.52,41.34 7 0
github.com/gkgoat1/scripts/interpose/core/exec.go:41.34,42.42 1 0
github.com/gkgoat1/scripts/interpose/core/exec.go:42.42,43.55 1 0
github.com/gkgoat1/scripts/interpose/core/exec.go:43.55,45.5 1 0
github.com/gkgoat1/scripts/interpose/core/exec.go:46.4,46.17 1 0
github.com/gkgoat1/scripts/interpose/core/exec.go:48.3,48.59 1 0
github.com/gkgoat1/scripts/interpose/core/exec.go:50.2,50.15 1 0
github.com/gkgoat1/scripts/interpose/core/exec.go:54.40,56.16 2 0
github.com/gkgoat1/scripts/interpose/core/exec.go:56.16,59.3 2 0
github.com/gkgoat1/scripts/interpose/core/exec.go:61.2,63.16 3 0
github.com/gkgoat1/scripts/interpose/core/exec.go:63.16,66.3 2 0
github.com/gkgoat1/scripts/interpose/core/exec.go:67.2,69.38 2 0
github.com/gkgoat1/scripts/interpose/core/exec.go:69.38,72.3 2 0
github.com/gkgoat1/scripts/interpose/core/exec.go:74.2,75.16 2 0
github.com/gkgoat1/scripts/interpose/core/exec.go:75.16,78.3 2 0
github.com/gkgoat1/scripts/interpose/core/exec.go:79.2,80.15 2 0
github.com/gkgoat1/scripts/interpose/core/path.go:15.53,17.16 2 2
github.com/gkgoat1/scripts/interpose/core/path.go:17.16,19.3 1 0
github.com/gkgoat1/scripts/interpose/core/path.go:21.2,22.19 2 2
github.com/gkgoat1/scripts/interpose/core/path.go:22.19,24.3 1 0
github.com/gkgoat1/scripts/interpose/core/path.go:26.2,28.32 3 2
github.com/gkgoat1/scripts/interpose/core/path.go:28.32,30.17 2 3
github.com/gkgoat1/scripts/interpose/core/path.go:30.17,32.4 1 0
github.com/gkgoat1/scripts/interpose/core/path.go:33.3,33.17 1 3
github.com/gkgoat1/scripts/interpose/core/path.go:33.17,34.31 1 2
github.com/gkgoat1/scripts/interpose/core/path.go:34.31,36.5 1 2
github.com/gkgoat1/scripts/interpose/core/path.go:37.4,37.12 1 2
github.com/gkgoat1/scripts/interpose/core/path.go:39.3,40.30 2 1
github.com/gkgoat1/scripts/interpose/core/path.go:40.30,42.4 1 1
github.com/gkgoat1/scripts/interpose/core/path.go:44.2,44.34 1 1
github.com/gkgoat1/scripts/interpose/core/path.go:47.32,48.61 1 2
github.com/gkgoat1/scripts/interpose/core/path.go:48.61,50.17 2 2
github.com/gkgoat1/scripts/interpose/core/path.go:50.17,52.4 1 0
github.com/gkgoat1/scripts/interpose/core/path.go:53.3,53.18 1 2
github.com/gkgoat1/scripts/interpose/core/path.go:55.2,56.16 2 0
github.com/gkgoat1/scripts/interpose/core/path.go:56.16,58.3 1 0
github.com/gkgoat1/scripts/interpose/core/path.go:59.2,60.16 2 0
github.com/gkgoat1/scripts/interpose/core/path.go:60.16,62.3 1 0
github.com/gkgoat1/scripts/interpose/core/path.go:63.2,63.17 1 0
github.com/gkgoat1/scripts/interpose/core/path.go:66.32,70.2 3 2
github.com/gkgoat1/scripts/interpose/core/path.go:72.37,74.16 2 1
github.com/gkgoat1/scripts/interpose/core/path.go:74.16,76.3 1 0
github.com/gkgoat1/scripts/interpose/core/path.go:77.2,77.18 1 1
github.com/gkgoat1/scripts/interpose/core/path.go:77.18,79.3 1 0
github.com/gkgoat1/scripts/interpose/core/path.go:80.2,80.28 1 1
github.com/gkgoat1/scripts/interpose/core/path.go:80.28,82.3 1 1
github.com/gkgoat1/scripts/interpose/core/path.go:84.2,84.37 1 0
github.com/gkgoat1/scripts/interpose/core/path.go:84.37,86.17 2 0
github.com/gkgoat1/scripts/interpose/core/path.go:86.17,88.4 1 0
github.com/gkgoat1/scripts/interpose/core/path.go:89.3,90.17 2 0
github.com/gkgoat1/scripts/interpose/core/path.go:90.17,92.4 1 0
github.com/gkgoat1/scripts/interpose/core/path.go:93.3,93.51 1 0
github.com/gkgoat1/scripts/interpose/core/path.go:95.2,95.14 1 0
github.com/gkgoat1/scripts/interpose/core/path.go:99.55,102.25 3 1
github.com/gkgoat1/scripts/interpose/core/path.go:102.25,103.28 1 3
github.com/gkgoat1/scripts/interpose/core/path.go:103.28,105.12 2 1
github.com/gkgoat1/scripts/interpose/core/path.go:107.3,107.23 1 2
github.com/gkgoat1/scripts/interpose/core/path.go:109.2,109.19 1 1
github.com/gkgoat1/scripts/interpose/core/path.go:113.47,114.25 1 0
github.com/gkgoat1/scripts/interpose/core/path.go:114.25,115.16 1 0
github.com/gkgoat1/scripts/interpose/core/path.go:115.16,117.4 1 0
github.com/gkgoat1/scripts/interpose/core/path.go:119.2,119.14 1 0
github.com/gkgoat1/scripts/interpose/core/path.go:123.39,125.25 2 1
github.com/gkgoat1/scripts/interpose/core/path.go:125.25,126.15 1 3
github.com/gkgoat1/scripts/interpose/core/path.go:126.15,128.12 2 1
github.com/gkgoat1/scripts/interpose/core/path.go:130.3,130.58 1 2
github.com/gkgoat1/scripts/interpose/core/path.go:130.58,132.12 2 1
github.com/gkgoat1/scripts/interpose/core/path.go:134.3,134.32 1 1
github.com/gkgoat1/scripts/interpose/core/path.go:134.32,135.12 1 0
github.com/gkgoat1/scripts/interpose/core/path.go:137.3,137.11 1 1
github.com/gkgoat1/scripts/interpose/core/path.go:139.2,139.11 1 0
github.com/gkgoat1/scripts/cleanartifacts/main.go:16.13,21.21 4 0
github.com/gkgoat1/scripts/cleanartifacts/main.go:21.21,23.3 1 0
github.com/gkgoat1/scripts/cleanartifacts/main.go:25.2,26.16 2 0
github.com/gkgoat1/scripts/cleanartifacts/main.go:26.16,28.3 1 0
github.com/gkgoat1/scripts/cleanartifacts/main.go:28.8,30.3 1 0
github.com/gkgoat1/scripts/cleanartifacts/main.go:31.2,31.16 1 0
github.com/gkgoat1/scripts/cleanartifacts/main.go:31.16,34.3 2 0
github.com/gkgoat1/scripts/cleanartifacts/main.go:38.40,41.26 3 4
github.com/gkgoat1/scripts/cleanartifacts/main.go:41.26,43.21 2 5
github.com/gkgoat1/scripts/cleanartifacts/main.go:43.21,46.42 3 5
github.com/gkgoat1/scripts/cleanartifacts/main.go:46.42,48.5 1 0
github.com/gkgoat1/scripts/cleanartifacts/main.go:51.2,53.15 3 4
github.com/gkgoat1/scripts/cleanartifacts/main.go:56.40,58.16 2 1
github.com/gkgoat1/scripts/cleanartifacts/main.go:58.16,60.3 1 0
github.com/gkgoat1/scripts/cleanartifacts/main.go:61.2,62.37 2 1
github.com/gkgoat1/scripts/cleanartifacts/main.go:62.37,63.35 1 1
github.com/gkgoat1/scripts/cleanartifacts/main.go:63.35,64.35 1 1
github.com/gkgoat1/scripts/cleanartifacts/main.go:64.35,66.44 2 2
github.com/gkgoat1/scripts/cleanartifacts/main.go:66.44,68.6 1 1
github.com/gkgoat1/scripts/cleanartifacts/main.go:72.2,72.27 1 1
github.com/gkgoat1/scripts/cleanartifacts/main.go:75.34,79.82 2 2
github.com/gkgoat1/scripts/cleanartifacts/main.go:79.82,80.17 1 9
github.com/gkgoat1/scripts/cleanartifacts/main.go:80.17,82.4 1 0
github.com/gkgoat1/scripts/cleanartifacts/main.go:83.3,83.17 1 9
github.com/gkgoat1/scripts/cleanartifacts/main.go:83.17,85.4 1 1
github.com/gkgoat1/scripts/cleanartifacts/main.go:86.3,86.34 1 8
github.com/gkgoat1/scripts/cleanartifacts/main.go:86.34,87.24 1 15
github.com/gkgoat1/scripts/cleanartifacts/main.go:87.24,90.5 2 2
github.com/gkgoat1/scripts/cleanartifacts/main.go:92.3,92.13 1 6
github.com/gkgoat1/scripts/cleanartifacts/main.go:94.2,94.16 1 2
github.com/gkgoat1/scripts/cleanartifacts/main.go:94.16,96.3 1 0
github.com/gkgoat1/scripts/cleanartifacts/main.go:97.2,97.27 1 2
github.com/gkgoat1/scripts/interpose/main.go:12.13,17.14 4 0
github.com/gkgoat1/scripts/interpose/main.go:18.13,19.21 1 0
github.com/gkgoat1/scripts/interpose/main.go:20.14,21.22 1 0
github.com/gkgoat1/scripts/interpose/main.go:22.14,23.22 1 0
github.com/gkgoat1/scripts/interpose/main.go:24.19,25.21 1 0
github.com/gkgoat1/scripts/interpose/main.go:25.21,28.4 2 0
github.com/gkgoat1/scripts/interpose/main.go:29.3,31.15 3 0
github.com/gkgoat1/scripts/interpose/main.go:32.14,33.22 1 0
github.com/gkgoat1/scripts/interpose/main.go:34.15,35.23 1 0
github.com/gkgoat1/scripts/interpose/main.go:36.15,37.23 1 0
github.com/gkgoat1/scripts/interpose/main.go:38.11,40.14 2 0
github.com/gkgoat1/scripts/interpose/main.go:42.10,44.13 2 0
github.com/gkgoat1/scripts/interpose/main.go:47.2,47.23 1 0
github.com/gkgoat1/scripts/gitall/main.go:74.46,77.2 2 0
github.com/gkgoat1/scripts/gitall/main.go:79.49,82.2 2 0
github.com/gkgoat1/scripts/gitall/main.go:84.13,93.22 9 0
github.com/gkgoat1/scripts/gitall/main.go:93.22,98.3 4 0
github.com/gkgoat1/scripts/gitall/main.go:99.2,102.20 3 0
github.com/gkgoat1/scripts/gitall/main.go:102.20,105.3 2 0
github.com/gkgoat1/scripts/gitall/main.go:106.2,108.21 3 0
github.com/gkgoat1/scripts/gitall/main.go:108.21,110.3 1 0
github.com/gkgoat1/scripts/gitall/main.go:111.2,111.16 1 0
github.com/gkgoat1/scripts/gitall/main.go:112.22,112.22 0 0
github.com/gkgoat1/scripts/gitall/main.go:113.10,115.13 2 0
github.com/gkgoat1/scripts/gitall/main.go:117.2,117.15 1 0
github.com/gkgoat1/scripts/gitall/main.go:118.22,118.22 0 0
github.com/gkgoat1/scripts/gitall/main.go:119.10,121.13 2 0
github.com/gkgoat1/scripts/gitall/main.go:124.2,127.16 3 0
github.com/gkgoat1/scripts/gitall/main.go:127.16,130.3 2 0
github.com/gkgoat1/scripts/gitall/main.go:131.2,132.21 2 0
github.com/gkgoat1/scripts/gitall/main.go:132.21,135.3 2 0
github.com/gkgoat1/scripts/gitall/main.go:136.2,136.15 1 0
github.com/gkgoat1/scripts/gitall/main.go:136.15,138.3 1 0
github.com/gkgoat1/scripts/gitall/main.go:144.2,146.26 3 0
github.com/gkgoat1/scripts/gitall/main.go:146.26,147.21 1 0
github.com/gkgoat1/scripts/gitall/main.go:147.21,149.4 1 0
github.com/gkgoat1/scripts/gitall/main.go:151.2,151.18 1 0
github.com/gkgoat1/scripts/gitall/main.go:151.18,152.17 1 0
github.com/gkgoat1/scripts/gitall/main.go:152.17,154.4 1 0
github.com/gkgoat1/scripts/gitall/main.go:156.2,156.16 1 0
github.com/gkgoat1/scripts/gitall/main.go:156.16,158.3 1 0
github.com/gkgoat1/scripts/gitall/main.go:169.63,171.16 2 0
github.com/gkgoat1/scripts/gitall/main.go:171.16,173.3 1 0
github.com/gkgoat1/scripts/gitall/main.go:174.2,174.15 1 0
github.com/gkgoat1/scripts/gitall/main.go:174.15,176.3 1 0
github.com/gkgoat1/scripts/gitall/main.go:178.2,179.16 2 0
github.com/gkgoat1/scripts/gitall/main.go:179.16,182.3 2 0
github.com/gkgoat1/scripts/gitall/main.go:184.2,184.58 1 0
github.com/gkgoat1/scripts/gitall/main.go:184.58,187.3 2 0
github.com/gkgoat1/scripts/gitall/main.go:188.2,191.16 3 0
github.com/gkgoat1/scripts/gitall/main.go:191.16,194.3 2 0
github.com/gkgoat1/scripts/gitall/main.go:196.2,199.24 3 0
github.com/gkgoat1/scripts/gitall/main.go:199.24,201.3 1 0
github.com/gkgoat1/scripts/gitall/main.go:202.2,203.40 2 0
github.com/gkgoat1/scripts/gitall/main.go:203.40,205.3 1 0
github.com/gkgoat1/scripts/gitall/main.go:206.2,206.11 1 0
github.com/gkgoat1/scripts/gitall/main.go:212.104,214.22 2 0
github.com/gkgoat1/scripts/gitall/main.go:214.22,215.60 1 0
github.com/gkgoat1/scripts/gitall/main.go:215.60,217.4 1 0
github.com/gkgoat1/scripts/gitall/main.go:219.2,219.47 1 0
github.com/gkgoat1/scripts/gitall/main.go:219.47,221.3 1 0
github.com/gkgoat1/scripts/gitall/main.go:222.2,222.64 1 0
github.com/gkgoat1/scripts/gitall/main.go:222.64,224.3 1 0
github.com/gkgoat1/scripts/gitall/main.go:225.2,225.11 1 0
github.com/gkgoat1/scripts/gitall/main.go:230.78,231.12 1 0
github.com/gkgoat1/scripts/gitall/main.go:231.12,234.3 2 0
github.com/gkgoat1/scripts/gitall/main.go:235.2,236.28 2 0
github.com/gkgoat1/scripts/gitall/main.go:236.28,237.49 1 0
github.com/gkgoat1/scripts/gitall/main.go:237.49,238.53 1 0
github.com/gkgoat1/scripts/gitall/main.go:238.53,240.5 1 0
github.com/gkgoat1/scripts/gitall/main.go:242.3,242.47 1 0
github.com/gkgoat1/scripts/gitall/main.go:242.47,245.12 3 0
github.com/gkgoat1/scripts/gitall/main.go:247.3,248.48 2 0
github.com/gkgoat1/scripts/gitall/main.go:248.48,249.18 1 0
github.com/gkgoat1/scripts/gitall/main.go:249.18,250.59 1 0
github.com/gkgoat1/scripts/gitall/main.go:250.59,254.6 3 0
github.com/gkgoat1/scripts/gitall/main.go:255.10,258.5 2 0
github.com/gkgoat1/scripts/gitall/main.go:260.3,260.12 1 0
github.com/gkgoat1/scripts/gitall/main.go:260.12,261.58 1 0
github.com/gkgoat1/scripts/gitall/main.go:261.58,264.5 2 0
github.com/gkgoat1/scripts/gitall/main.go:265.4,265.59 1 0
github.com/gkgoat1/scripts/gitall/main.go:265.59,268.5 2 0
github.com/gkgoat1/scripts/gitall/main.go:271.2,271.11 1 0
github.com/gkgoat1/scripts/gitall/main.go:276.53,278.16 2 0
github.com/gkgoat1/scripts/gitall/main.go:278.16,280.3 1 0
github.com/gkgoat1/scripts/gitall/main.go:281.2,281.10 1 0
github.com/gkgoat1/scripts/gitall/main.go:281.10,283.3 1 0
github.com/gkgoat1/scripts/gitall/main.go:284.2,285.16 2 0
github.com/gkgoat1/scripts/gitall/main.go:285.16,287.3 1 0
github.com/gkgoat1/scripts/gitall/main.go:288.2,288.22 1 0
github.com/gkgoat1/scripts/gitall/main.go:288.22,291.3 2 0
github.com/gkgoat1/scripts/gitall/main.go:292.2,293.53 2 0
github.com/gkgoat1/scripts/gitall/main.go:293.53,296.3 2 0
github.com/gkgoat1/scripts/gitall/main.go:297.2,298.38 2 0
github.com/gkgoat1/scripts/gitall/main.go:298.38,301.3 2 0
github.com/gkgoat1/scripts/gitall/main.go:302.2,302.63 1 0
github.com/gkgoat1/scripts/gitall/main.go:302.63,303.20 1 0
github.com/gkgoat1/scripts/gitall/main.go:303.20,306.4 2 0
github.com/gkgoat1/scripts/gitall/main.go:307.3,308.16 2 0
github.com/gkgoat1/scripts/gitall/main.go:308.16,310.4 1 0
github.com/gkgoat1/scripts/gitall/main.go:311.3,312.72 2 0
github.com/gkgoat1/scripts/gitall/main.go:312.72,315.4 2 0
github.com/gkgoat1/scripts/gitall/main.go:317.2,317.12 1 0
github.com/gkgoat1/scripts/gitall/main.go:320.57,323.2 2 0
github.com/gkgoat1/scripts/gitall/main.go:326.71,327.12 1 0
github.com/gkgoat1/scripts/gitall/main.go:327.12,330.3 2 0
github.com/gkgoat1/scripts/gitall/main.go:331.2,332.28 2 0
github.com/gkgoat1/scripts/gitall/main.go:332.28,335.15 3 0
github.com/gkgoat1/scripts/gitall/main.go:335.15,337.4 1 0
github.com/gkgoat1/scripts/gitall/main.go:338.3,339.46 2 0
github.com/gkgoat1/scripts/gitall/main.go:339.46,342.4 2 0
github.com/gkgoat1/scripts/gitall/main.go:344.2,344.11 1 0
github.com/gkgoat1/scripts/gitall/main.go:350.84,351.21 1 0
github.com/gkgoat1/scripts/gitall/main.go:351.21,353.3 1 0
github.com/gkgoat1/scripts/gitall/main.go:354.2,355.26 2 0
github.com/gkgoat1/scripts/gitall/main.go:355.26,357.21 2 0
github.com/gkgoat1/scripts/gitall/main.go:357.21,359.4 1 0
github.com/gkgoat1/scripts/gitall/main.go:361.2,362.18 2 0
github.com/gkgoat1/scripts/gitall/main.go:362.18,363.17 1 0
github.com/gkgoat1/scripts/gitall/main.go:363.17,365.4 1 0
github.com/gkgoat1/scripts/gitall/main.go:367.2,367.11 1 0
github.com/gkgoat1/scripts/gitall/main.go:372.56,379.2 1 0
github.com/gkgoat1/scripts/gitall/main.go:382.55,384.26 2 0
github.com/gkgoat1/scripts/gitall/main.go:384.26,386.3 1 0
github.com/gkgoat1/scripts/gitall/main.go:387.2,387.10 1 0
github.com/gkgoat1/scripts/gitall/main.go:392.59,394.28 2 0
github.com/gkgoat1/scripts/gitall/main.go:394.28,396.17 2 0
github.com/gkgoat1/scripts/gitall/main.go:396.17,397.12 1 0
github.com/gkgoat1/scripts/gitall/main.go:399.3,399.50 1 0
github.com/gkgoat1/scripts/gitall/main.go:399.50,401.4 1 0
github.com/gkgoat1/scripts/gitall/main.go:403.2,403.12 1 0
github.com/gkgoat1/scripts/gitall/main.go:408.54,409.14 1 0
github.com/gkgoat1/scripts/gitall/main.go:409.14,412.3 2 0
github.com/gkgoat1/scripts/gitall/main.go:413.2,416.18 4 0
github.com/gkgoat1/scripts/gitall/main.go:419.54,421.16 2 0
github.com/gkgoat1/scripts/gitall/main.go:421.16,423.3 1 0
github.com/gkgoat1/scripts/gitall/main.go:424.2,424.33 1 0
github.com/gkgoat1/scripts/gitall/main.go:427.53,430.2 2 0
github.com/gkgoat1/scripts/gitall/main.go:435.57,438.2 2 0
github.com/gkgoat1/scripts/gitall/main.go:445.48,448.29 3 13
github.com/gkgoat1/scripts/gitall/main.go:448.29,449.31 1 33
github.com/gkgoat1/scripts/gitall/main.go:449.31,450.12 1 24
github.com/gkgoat1/scripts/gitall/main.go:452.3,454.58 3 9
github.com/gkgoat1/scripts/gitall/main.go:454.58,456.4 1 7
github.com/gkgoat1/scripts/gitall/main.go:457.3,457.19 1 2
github.com/gkgoat1/scripts/gitall/main.go:459.2,459.18 1 4
github.com/gkgoat1/scripts/gitall/main.go:463.46,465.2 1 5
github.com/gkgoat1/scripts/gitall/main.go:469.51,471.38 2 15
github.com/gkgoat1/scripts/gitall/main.go:471.38,473.3 1 3
github.com/gkgoat1/scripts/gitall/main.go:474.2,475.26 2 12
github.com/gkgoat1/scripts/gitall/main.go:475.26,477.3 1 6
github.com/gkgoat1/scripts/gitall/main.go:478.2,478.16 1 6
github.com/gkgoat1/scripts/gitall/main.go:481.58,484.2 2 0
github.com/gkgoat1/scripts/gitall/main.go:487.53,488.14 1 0
github.com/gkgoat1/scripts/gitall/main.go:488.14,491.3 2 0
github.com/gkgoat1/scripts/gitall/main.go:492.2,496.18 5 0
github.com/gkgoat1/scripts/gitall/main.go:500.63,506.34 6 0
github.com/gkgoat1/scripts/gitall/main.go:506.34,508.3 1 0
github.com/gkgoat1/scripts/gitall/main.go:509.2,509.39 1 0
github.com/gkgoat1/scripts/gitall/main.go:521.70,524.51 3 0
github.com/gkgoat1/scripts/gitall/main.go:524.51,526.3 1 0
github.com/gkgoat1/scripts/gitall/main.go:527.2,527.31 1 0
github.com/gkgoat1/scripts/gitall/main.go:527.31,530.3 2 0
github.com/gkgoat1/scripts/gitall/main.go:531.2,532.25 2 0
github.com/gkgoat1/scripts/gitall/main.go:532.25,533.55 1 0
github.com/gkgoat1/scripts/gitall/main.go:533.55,535.4 1 0
github.com/gkgoat1/scripts/gitall/main.go:537.2,537.38 1 0
github.com/gkgoat1/scripts/gitall/main.go:537.38,537.78 1 0
github.com/gkgoat1/scripts/gitall/main.go:538.2,538.17 1 0
github.com/gkgoat1/scripts/gitall/main.go:544.78,546.16 2 0
github.com/gkgoat1/scripts/gitall/main.go:546.16,548.3 1 0
github.com/gkgoat1/scripts/gitall/main.go:549.2,550.48 2 0
github.com/gkgoat1/scripts/gitall/main.go:550.48,552.23 2 0
github.com/gkgoat1/scripts/gitall/main.go:552.23,553.12 1 0
github.com/gkgoat1/scripts/gitall/main.go:555.3,556.45 2 0
github.com/gkgoat1/scripts/gitall/main.go:556.45,558.4 1 0
github.com/gkgoat1/scripts/gitall/main.go:560.2,560.18 1 0
github.com/gkgoat1/scripts/gitall/main.go:565.73,566.59 1 0
github.com/gkgoat1/scripts/gitall/main.go:566.59,568.3 1 0
github.com/gkgoat1/scripts/gitall/main.go:569.2,570.24 2 0
github.com/gkgoat1/scripts/gitall/main.go:577.59,579.16 2 0
github.com/gkgoat1/scripts/gitall/main.go:579.16,581.3 1 0
github.com/gkgoat1/scripts/gitall/main.go:582.2,583.9 2 0
github.com/gkgoat1/scripts/gitall/main.go:583.9,585.3 1 0
github.com/gkgoat1/scripts/gitall/main.go:586.2,587.16 2 0
github.com/gkgoat1/scripts/gitall/main.go:587.16,589.3 1 0
github.com/gkgoat1/scripts/gitall/main.go:590.2,590.20 1 0
github.com/gkgoat1/scripts/gitall/main.go:590.20,592.3 1 0
github.com/gkgoat1/scripts/gitall/main.go:593.2,594.16 2 0
github.com/gkgoat1/scripts/gitall/main.go:594.16,596.3 1 0
github.com/gkgoat1/scripts/gitall/main.go:598.2,599.16 2 0
github.com/gkgoat1/scripts/gitall/main.go:599.16,601.3 1 0
github.com/gkgoat1/scripts/gitall/main.go:602.2,602.31 1 0
github.com/gkgoat1/scripts/gitall/main.go:602.31,604.30 2 0
github.com/gkgoat1/scripts/gitall/main.go:604.30,605.12 1 0
github.com/gkgoat1/scripts/gitall/main.go:607.3,608.87 2 0
github.com/gkgoat1/scripts/gitall/main.go:608.87,610.4 1 0
github.com/gkgoat1/scripts/gitall/main.go:611.3,611.13 1 0
github.com/gkgoat1/scripts/gitall/main.go:614.2,615.16 2 0
github.com/gkgoat1/scripts/gitall/main.go:615.16,617.3 1 0
github.com/gkgoat1/scripts/gitall/main.go:618.2,619.25 2 0
github.com/gkgoat1/scripts/gitall/main.go:619.25,620.13 1 0
github.com/gkgoat1/scripts/gitall/main.go:620.13,622.4 1 0
github.com/gkgoat1/scripts/gitall/main.go:624.2,626.77 3 0
github.com/gkgoat1/scripts/gitall/main.go:626.77,628.3 1 0
github.com/gkgoat1/scripts/gitall/main.go:629.2,630.105 2 0
github.com/gkgoat1/scripts/gitall/main.go:630.105,632.3 1 0
github.com/gkgoat1/scripts/gitall/main.go:633.2,633.12 1 0
github.com/gkgoat1/scripts/gitall/main.go:636.50,637.53 1 0
github.com/gkgoat1/scripts/gitall/main.go:637.53,639.3 1 0
github.com/gkgoat1/scripts/gitall/main.go:640.2,641.16 2 0
github.com/gkgoat1/scripts/gitall/main.go:641.16,643.3 1 0
github.com/gkgoat1/scripts/gitall/main.go:644.2,644.42 1 0
github.com/gkgoat1/scripts/gitall/main.go:651.54,653.25 2 0
github.com/gkgoat1/scripts/gitall/main.go:653.25,655.3 1 0
github.com/gkgoat1/scripts/gitall/main.go:656.2,656.23 1 0
github.com/gkgoat1/scripts/gitall/main.go:656.23,658.3 1 0
github.com/gkgoat1/scripts/gitall/main.go:659.2,660.49 2 0
github.com/gkgoat1/scripts/gitall/main.go:660.49,662.3 1 0
github.com/gkgoat1/scripts/gitall/main.go:663.2,663.65 1 0
github.com/gkgoat1/scripts/gitall/main.go:663.65,665.3 1 0
github.com/gkgoat1/scripts/gitall/main.go:666.2,666.18 1 0
github.com/gkgoat1/scripts/gitall/main.go:673.45,674.14 1 0
github.com/gkgoat1/scripts/gitall/main.go:674.14,677.3 2 0
github.com/gkgoat1/scripts/gitall/main.go:678.2,682.15 5 0
github.com/gkgoat1/scripts/gitall/main.go:685.49,687.16 2 0
github.com/gkgoat1/scripts/gitall/main.go:687.16,689.3 1 0
github.com/gkgoat1/scripts/gitall/main.go:690.2,690.46 1 0
github.com/gkgoat1/scripts/gitall/main.go:693.68,695.2 1 0
github.com/gkgoat1/scripts/gitall/main.go:697.59,702.34 5 0
github.com/gkgoat1/scripts/gitall/main.go:702.34,704.3 1 0
github.com/gkgoat1/scripts/gitall/main.go:705.2,705.26 1 0
github.com/gkgoat1/scripts/gitall/main.go:713.58,715.37 2 7
github.com/gkgoat1/scripts/gitall/main.go:715.37,718.3 2 1
github.com/gkgoat1/scripts/gitall/main.go:719.2,719.32 1 7
github.com/gkgoat1/scripts/gitall/main.go:719.32,721.3 1 1
github.com/gkgoat1/scripts/gitall/main.go:723.2,723.40 1 6
github.com/gkgoat1/scripts/gitall/main.go:723.40,724.49 1 1
github.com/gkgoat1/scripts/gitall/main.go:724.49,726.4 1 1
github.com/gkgoat1/scripts/gitall/main.go:728.2,728.31 1 5
github.com/gkgoat1/scripts/gitall/main.go:728.31,730.17 2 1
github.com/gkgoat1/scripts/gitall/main.go:730.17,732.4 1 0
github.com/gkgoat1/scripts/gitall/main.go:733.3,733.33 1 1
github.com/gkgoat1/scripts/gitall/main.go:734.8,734.31 1 4
github.com/gkgoat1/scripts/gitall/main.go:734.31,736.3 1 1
github.com/gkgoat1/scripts/gitall/main.go:737.2,738.16 2 5
github.com/gkgoat1/scripts/gitall/main.go:738.16,740.3 1 0
github.com/gkgoat1/scripts/gitall/main.go:741.2,742.16 2 5
github.com/gkgoat1/scripts/gitall/main.go:742.16,744.3 1 2
github.com/gkgoat1/scripts/gitall/main.go:745.2,745.20 1 3
github.com/gkgoat1/scripts/gitall/main.go:745.20,747.3 1 0
github.com/gkgoat1/scripts/gitall/main.go:748.2,748.17 1 3
github.com/gkgoat1/scripts/gitall/main.go:752.34,753.65 1 4
github.com/gkgoat1/scripts/gitall/main.go:753.65,755.3 1 4
github.com/gkgoat1/scripts/gitall/main.go:756.2,759.25 4 0
github.com/gkgoat1/scripts/gitall/main.go:763.34,766.2 2 5
github.com/gkgoat1/scripts/gitall/main.go:770.67,771.21 1 0
github.com/gkgoat1/scripts/gitall/main.go:771.21,773.3 1 0
github.com/gkgoat1/scripts/gitall/main.go:774.2,774.27 1 0
github.com/gkgoat1/scripts/gitall/main.go:778.36,780.2 1 7
github.com/gkgoat1/scripts/gitall/main.go:784.52,786.29 2 2
github.com/gkgoat1/scripts/gitall/main.go:786.29,788.17 2 2
github.com/gkgoat1/scripts/gitall/main.go:788.17,790.4 1 0
github.com/gkgoat1/scripts/gitall/main.go:791.3,791.79 1 2
github.com/gkgoat1/scripts/gitall/main.go:791.79,792.18 1 7
github.com/gkgoat1/scripts/gitall/main.go:792.18,794.5 1 0
github.com/gkgoat1/scripts/gitall/main.go:795.4,795.18 1 7
github.com/gkgoat1/scripts/gitall/main.go:795.18,797.5 1 0
github.com/gkgoat1/scripts/gitall/main.go:798.4,798.29 1 7
github.com/gkgoat1/scripts/gitall/main.go:798.29,800.5 1 4
github.com/gkgoat1/scripts/gitall/main.go:801.4,801.23 1 3
github.com/gkgoat1/scripts/gitall/main.go:801.23,804.5 2 1
github.com/gkgoat1/scripts/gitall/main.go:805.4,805.14 1 2
github.com/gkgoat1/scripts/gitall/main.go:807.3,807.17 1 2
github.com/gkgoat1/scripts/gitall/main.go:807.17,809.4 1 0
github.com/gkgoat1/scripts/gitall/main.go:811.2,811.19 1 2
github.com/gkgoat1/scripts/gitall/main.go:816.54,822.29 3 0
github.com/gkgoat1/scripts/gitall/main.go:822.29,824.17 2 0
github.com/gkgoat1/scripts/gitall/main.go:824.17,826.4 1 0
github.com/gkgoat1/scripts/gitall/main.go:827.3,827.79 1 0
github.com/gkgoat1/scripts/gitall/main.go:827.79,828.18 1 0
github.com/gkgoat1/scripts/gitall/main.go:828.18,830.5 1 0
github.com/gkgoat1/scripts/gitall/main.go:831.4,831.18 1 0
github.com/gkgoat1/scripts/gitall/main.go:831.18,832.29 1 0
github.com/gkgoat1/scripts/gitall/main.go:832.29,835.70 3 0
github.com/gkgoat1/scripts/gitall/main.go:835.70,837.7 1 0
github.com/gkgoat1/scripts/gitall/main.go:838.6,838.61 1 0
github.com/gkgoat1/scripts/gitall/main.go:840.5,840.15 1 0
github.com/gkgoat1/scripts/gitall/main.go:842.4,842.51 1 0
github.com/gkgoat1/scripts/gitall/main.go:842.51,844.5 1 0
github.com/gkgoat1/scripts/gitall/main.go:845.4,845.14 1 0
github.com/gkgoat1/scripts/gitall/main.go:847.3,847.17 1 0
github.com/gkgoat1/scripts/gitall/main.go:847.17,849.4 1 0
github.com/gkgoat1/scripts/gitall/main.go:853.2,855.29 3 0
github.com/gkgoat1/scripts/gitall/main.go:855.29,857.17 2 0
github.com/gkgoat1/scripts/gitall/main.go:857.17,859.4 1 0
github.com/gkgoat1/scripts/gitall/main.go:860.3,860.15 1 0
github.com/gkgoat1/scripts/gitall/main.go:860.15,861.12 1 0
github.com/gkgoat1/scripts/gitall/main.go:863.3,866.17 4 0
github.com/gkgoat1/scripts/gitall/main.go:866.17,868.4 1 0
github.com/gkgoat1/scripts/gitall/main.go:869.3,869.31 1 0
github.com/gkgoat1/scripts/gitall/main.go:871.2,871.19 1 0
github.com/gkgoat1/scripts/gitall/main.go:874.43,877.26 3 1
github.com/gkgoat1/scripts/gitall/main.go:877.26,879.17 2 3
github.com/gkgoat1/scripts/gitall/main.go:879.17,881.4 1 0
github.com/gkgoat1/scripts/gitall/main.go:882.3,882.15 1 3
github.com/gkgoat1/scripts/gitall/main.go:882.15,883.12 1 1
github.com/gkgoat1/scripts/gitall/main.go:885.3,886.24 2 2
github.com/gkgoat1/scripts/gitall/main.go:888.2,889.12 2 1
github.com/gkgoat1/scripts/internal/testutil/exec.go:18.54,25.16 7 0
github.com/gkgoat1/scripts/internal/testutil/exec.go:25.16,26.42 1 0
github.com/gkgoat1/scripts/internal/testutil/exec.go:26.42,28.4 1 0
github.com/gkgoat1/scripts/internal/testutil/exec.go:28.9,30.4 1 0
github.com/gkgoat1/scripts/internal/testutil/exec.go:32.2,36.3 1 0
github.com/gkgoat1/scripts/internal/testutil/exec.go:40.57,43.50 3 0
github.com/gkgoat1/scripts/internal/testutil/exec.go:43.50,45.3 1 0
github.com/gkgoat1/scripts/internal/testutil/exec.go:49.47,51.50 2 0
github.com/gkgoat1/scripts/internal/testutil/exec.go:51.50,52.69 1 0
github.com/gkgoat1/scripts/internal/testutil/exec.go:57.42,59.2 1 0
github.com/gkgoat1/scripts/internal/testutil/fs.go:10.46,12.26 2 0
github.com/gkgoat1/scripts/internal/testutil/fs.go:12.26,13.47 1 0
github.com/gkgoat1/scripts/internal/testutil/fs.go:13.47,15.4 1 0
github.com/gkgoat1/scripts/internal/testutil/fs.go:20.68,22.34 2 0
github.com/gkgoat1/scripts/internal/testutil/fs.go:22.34,24.64 2 0
github.com/gkgoat1/scripts/internal/testutil/fs.go:24.64,26.4 1 0
github.com/gkgoat1/scripts/internal/testutil/fs.go:27.3,27.68 1 0
github.com/gkgoat1/scripts/internal/testutil/fs.go:27.68,29.4 1 0
github.com/gkgoat1/scripts/internal/testutil/fs.go:34.35,37.2 2 0
github.com/gkgoat1/scripts/internal/testutil/git.go:12.41,20.2 7 0
github.com/gkgoat1/scripts/internal/testutil/git.go:23.45,26.16 3 0
github.com/gkgoat1/scripts/internal/testutil/git.go:26.16,28.3 1 0
github.com/gkgoat1/scripts/internal/testutil/git.go:29.2,29.39 1 0
github.com/gkgoat1/scripts/internal/testutil/git.go:33.65,36.15 3 0
github.com/gkgoat1/scripts/internal/testutil/git.go:36.15,38.3 1 0
github.com/gkgoat1/scripts/internal/testutil/git.go:39.2,39.50 1 0
github.com/gkgoat1/scripts/internal/testutil/git.go:39.50,41.3 1 0
github.com/gkgoat1/scripts/internal/testutil/git.go:45.52,47.67 2 0
github.com/gkgoat1/scripts/internal/testutil/git.go:47.67,49.3 1 0
github.com/gkgoat1/scripts/internal/testutil/git.go:53.63,68.2 13 0
github.com/gkgoat1/scripts/interpose/config/config.go:20.20,21.19 1 0
github.com/gkgoat1/scripts/interpose/config/config.go:21.19,23.3 1 0
github.com/gkgoat1/scripts/interpose/config/config.go:24.2,29.16 4 0
github.com/gkgoat1/scripts/interpose/config/config.go:29.16,32.3 2 0
github.com/gkgoat1/scripts/interpose/config/config.go:33.2,36.16 3 0
github.com/gkgoat1/scripts/interpose/config/config.go:36.16,38.49 2 0
github.com/gkgoat1/scripts/interpose/config/config.go:38.49,39.12 1 0
github.com/gkgoat1/scripts/interpose/config/config.go:41.3,42.10 2 0
github.com/gkgoat1/scripts/interpose/config/config.go:42.10,43.12 1 0
github.com/gkgoat1/scripts/interpose/config/config.go:45.3,47.14 3 0
github.com/gkgoat1/scripts/interpose/config/config.go:48.31,49.66 1 0
github.com/gkgoat1/scripts/interpose/config/config.go:50.27,51.58 1 0
github.com/gkgoat1/scripts/interpose/config/config.go:52.26,53.17 1 0
github.com/gkgoat1/scripts/interpose/config/config.go:53.17,55.5 1 0
github.com/gkgoat1/scripts/interpose/config/config.go:58.2,59.12 2 0
github.com/gkgoat1/scripts/interpose/config/config.go:63.14,65.2 1 0
github.com/gkgoat1/scripts/interpose/config/config.go:68.46,70.45 2 0
github.com/gkgoat1/scripts/interpose/config/config.go:70.45,71.42 1 0
github.com/gkgoat1/scripts/interpose/config/config.go:71.42,73.4 1 0
github.com/gkgoat1/scripts/interpose/config/config.go:75.2,75.14 1 0
github.com/gkgoat1/scripts/interpose/wrappers/find.go:13.27,13.44 1 0
github.com/gkgoat1/scripts/interpose/wrappers/find.go:15.73,17.12 2 1
github.com/gkgoat1/scripts/interpose/wrappers/find.go:17.12,19.3 1 1
github.com/gkgoat1/scripts/interpose/wrappers/find.go:20.2,20.27 1 0
github.com/gkgoat1/scripts/interpose/wrappers/find.go:23.43,23.57 1 0
github.com/gkgoat1/scripts/interpose/wrappers/find.go:25.51,25.65 1 0
github.com/gkgoat1/scripts/interpose/wrappers/find.go:27.53,28.20 1 1
github.com/gkgoat1/scripts/interpose/wrappers/find.go:28.20,30.3 1 0
github.com/gkgoat1/scripts/interpose/wrappers/find.go:31.2,32.27 2 1
github.com/gkgoat1/scripts/interpose/wrappers/find.go:32.27,34.3 1 0
github.com/gkgoat1/scripts/interpose/wrappers/find.go:35.2,36.38 2 1
github.com/gkgoat1/scripts/interpose/wrappers/find.go:36.38,38.23 2 1
github.com/gkgoat1/scripts/interpose/wrappers/find.go:38.23,40.4 1 0
github.com/gkgoat1/scripts/interpose/wrappers/find.go:41.3,48.18 7 1
github.com/gkgoat1/scripts/interpose/wrappers/find.go:50.2,50.18 1 0
github.com/gkgoat1/scripts/interpose/wrappers/find.go:53.40,54.25 1 1
github.com/gkgoat1/scripts/interpose/wrappers/find.go:54.25,55.32 1 1
github.com/gkgoat1/scripts/interpose/wrappers/find.go:55.32,56.12 1 0
github.com/gkgoat1/scripts/interpose/wrappers/find.go:58.3,58.11 1 1
github.com/gkgoat1/scripts/interpose/wrappers/find.go:60.2,60.18 1 0
github.com/gkgoat1/scripts/interpose/wrappers/find.go:63.33,65.44 2 1
github.com/gkgoat1/scripts/interpose/wrappers/find.go:65.44,66.17 1 7
github.com/gkgoat1/scripts/interpose/wrappers/find.go:66.17,68.4 1 7
github.com/gkgoat1/scripts/interpose/wrappers/find.go:70.2,70.21 1 1
github.com/gkgoat1/scripts/interpose/wrappers/find.go:70.21,72.3 1 0
github.com/gkgoat1/scripts/interpose/wrappers/find.go:73.2,75.29 3 1
github.com/gkgoat1/scripts/interpose/wrappers/find.go:75.29,76.12 1 7
github.com/gkgoat1/scripts/interpose/wrappers/find.go:76.12,78.4 1 6
github.com/gkgoat1/scripts/interpose/wrappers/find.go:79.3,79.49 1 7
github.com/gkgoat1/scripts/interpose/wrappers/find.go:81.2,82.14 2 1
github.com/gkgoat1/scripts/interpose/wrappers/find.go:86.53,86.83 1 1
github.com/gkgoat1/scripts/interpose/wrappers/find.go:89.43,92.2 2 0
github.com/gkgoat1/scripts/interpose/wrappers/git.go:19.26,19.42 1 0
github.com/gkgoat1/scripts/interpose/wrappers/git.go:21.74,24.2 2 0
github.com/gkgoat1/scripts/interpose/wrappers/git.go:26.44,27.46 1 4
github.com/gkgoat1/scripts/interpose/wrappers/git.go:27.46,29.3 1 0
github.com/gkgoat1/scripts/interpose/wrappers/git.go:30.2,32.37 3 4
github.com/gkgoat1/scripts/interpose/wrappers/git.go:32.37,34.3 1 1
github.com/gkgoat1/scripts/interpose/wrappers/git.go:35.2,36.30 2 3
github.com/gkgoat1/scripts/interpose/wrappers/git.go:36.30,38.3 1 0
github.com/gkgoat1/scripts/interpose/wrappers/git.go:39.2,39.36 1 3
github.com/gkgoat1/scripts/interpose/wrappers/git.go:39.36,41.3 1 0
github.com/gkgoat1/scripts/interpose/wrappers/git.go:42.2,42.18 1 3
github.com/gkgoat1/scripts/interpose/wrappers/git.go:42.18,43.66 1 2
github.com/gkgoat1/scripts/interpose/wrappers/git.go:43.66,45.4 1 0
github.com/gkgoat1/scripts/interpose/wrappers/git.go:47.2,47.19 1 3
github.com/gkgoat1/scripts/interpose/wrappers/git.go:47.19,49.3 1 1
github.com/gkgoat1/scripts/interpose/wrappers/git.go:50.2,50.12 1 2
github.com/gkgoat1/scripts/interpose/wrappers/git.go:53.50,53.64 1 0
github.com/gkgoat1/scripts/interpose/wrappers/git.go:57.44,57.78 1 9
github.com/gkgoat1/scripts/interpose/wrappers/git.go:59.44,61.13 2 13
github.com/gkgoat1/scripts/interpose/wrappers/git.go:62.65,63.14 1 8
github.com/gkgoat1/scripts/interpose/wrappers/git.go:65.2,65.14 1 5
github.com/gkgoat1/scripts/interpose/wrappers/git.go:68.41,70.13 2 12
github.com/gkgoat1/scripts/interpose/wrappers/git.go:71.15,72.14 1 2
github.com/gkgoat1/scripts/interpose/wrappers/git.go:73.28,74.67 1 1
github.com/gkgoat1/scripts/interpose/wrappers/git.go:75.17,77.80 1 0
github.com/gkgoat1/scripts/interpose/wrappers/git.go:78.14,80.44 1 1
github.com/gkgoat1/scripts/interpose/wrappers/git.go:81.16,82.34 1 1
github.com/gkgoat1/scripts/interpose/wrappers/git.go:83.15,84.33 1 1
github.com/gkgoat1/scripts/interpose/wrappers/git.go:85.16,86.14 1 2
github.com/gkgoat1/scripts/interpose/wrappers/git.go:87.10,88.15 1 4
github.com/gkgoat1/scripts/interpose/wrappers/git.go:92.51,93.25 1 1
github.com/gkgoat1/scripts/interpose/wrappers/git.go:93.25,94.29 1 2
github.com/gkgoat1/scripts/interpose/wrappers/git.go:94.29,96.4 1 0
github.com/gkgoat1/scripts/interpose/wrappers/git.go:97.3,97.77 1 2
github.com/gkgoat1/scripts/interpose/wrappers/git.go:97.77,98.28 1 1
github.com/gkgoat1/scripts/interpose/wrappers/git.go:98.28,99.19 1 1
github.com/gkgoat1/scripts/interpose/wrappers/git.go:99.19,101.6 1 1
github.com/gkgoat1/scripts/interpose/wrappers/git.go:105.2,105.14 1 0
github.com/gkgoat1/scripts/interpose/wrappers/git.go:108.55,112.25 4 0
github.com/gkgoat1/scripts/interpose/wrappers/git.go:112.25,113.15 1 0
github.com/gkgoat1/scripts/interpose/wrappers/git.go:113.15,115.12 2 0
github.com/gkgoat1/scripts/interpose/wrappers/git.go:117.3,117.13 1 0
github.com/gkgoat1/scripts/interpose/wrappers/git.go:117.13,118.16 1 0
github.com/gkgoat1/scripts/interpose/wrappers/git.go:118.16,120.5 1 0
github.com/gkgoat1/scripts/interpose/wrappers/git.go:121.4,121.12 1 0
github.com/gkgoat1/scripts/interpose/wrappers/git.go:123.3,123.32 1 0
github.com/gkgoat1/scripts/interpose/wrappers/git.go:123.32,124.67 1 0
github.com/gkgoat1/scripts/interpose/wrappers/git.go:124.67,126.5 1 0
github.com/gkgoat1/scripts/interpose/wrappers/git.go:127.4,127.12 1 0
github.com/gkgoat1/scripts/interpose/wrappers/git.go:129.3,129.27 1 0
github.com/gkgoat1/scripts/interpose/wrappers/git.go:131.2,131.14 1 0
github.com/gkgoat1/scripts/interpose/wrappers/git.go:134.65,141.34 7 3
github.com/gkgoat1/scripts/interpose/wrappers/git.go:141.34,143.3 1 0
github.com/gkgoat1/scripts/interpose/wrappers/git.go:144.2,144.45 1 3
github.com/gkgoat1/scripts/interpose/wrappers/git.go:147.57,149.33 2 3
github.com/gkgoat1/scripts/interpose/wrappers/git.go:149.33,150.18 1 10
github.com/gkgoat1/scripts/interpose/wrappers/git.go:151.13,152.23 1 3
github.com/gkgoat1/scripts/interpose/wrappers/git.go:152.23,155.5 2 3
github.com/gkgoat1/scripts/interpose/wrappers/git.go:156.20,157.23 1 0
github.com/gkgoat1/scripts/interpose/wrappers/git.go:157.23,160.5 2 0
github.com/gkgoat1/scripts/interpose/wrappers/git.go:161.22,162.23 1 0
github.com/gkgoat1/scripts/interpose/wrappers/git.go:162.23,165.5 2 0
github.com/gkgoat1/scripts/interpose/wrappers/git.go:168.2,168.29 1 3
github.com/gkgoat1/scripts/interpose/wrappers/git.go:171.46,174.16 3 1
github.com/gkgoat1/scripts/interpose/wrappers/git.go:174.16,176.3 1 0
github.com/gkgoat1/scripts/interpose/wrappers/git.go:177.2,177.22 1 1
github.com/gkgoat1/scripts/interpose/wrappers/git.go:177.22,179.3 1 0
github.com/gkgoat1/scripts/interpose/wrappers/git.go:180.2,181.16 2 1
github.com/gkgoat1/scripts/interpose/wrappers/git.go:181.16,183.3 1 0
github.com/gkgoat1/scripts/interpose/wrappers/git.go:184.2,188.34 5 1
github.com/gkgoat1/scripts/interpose/wrappers/git.go:188.34,190.3 1 0
github.com/gkgoat1/scripts/interpose/wrappers/git.go:191.2,192.12 2 1
github.com/gkgoat1/scripts/interpose/wrappers/git.go:195.70,200.34 5 2
github.com/gkgoat1/scripts/interpose/wrappers/git.go:200.34,202.3 1 0
github.com/gkgoat1/scripts/interpose/wrappers/git.go:203.2,203.45 1 2
github.com/gkgoat1/scripts/interpose/wrappers/git.go:206.41,207.39 1 1
github.com/gkgoat1/scripts/interpose/wrappers/git.go:207.39,208.10 1 4
github.com/gkgoat1/scripts/interpose/wrappers/git.go:209.103,210.12 1 4
github.com/gkgoat1/scripts/interpose/wrappers/git.go:211.11,212.14 1 0
github.com/gkgoat1/scripts/interpose/wrappers/git.go:215.2,215.16 1 1
github.com/gkgoat1/scripts/interpose/wrappers/git.go:215.16,217.3 1 0
github.com/gkgoat1/scripts/interpose/wrappers/git.go:218.2,218.13 1 1
github.com/gkgoat1/scripts/interpose/wrappers/git.go:221.51,227.2 1 2
github.com/gkgoat1/scripts/interpose/wrappers/git.go:230.41,230.72 1 8
github.com/gkgoat1/scripts/interpose/wrappers/grep.go:16.27,16.44 1 0
github.com/gkgoat1/scripts/interpose/wrappers/grep.go:18.73,20.12 2 0
github.com/gkgoat1/scripts/interpose/wrappers/grep.go:20.12,22.3 1 0
github.com/gkgoat1/scripts/interpose/wrappers/grep.go:23.2,23.27 1 0
github.com/gkgoat1/scripts/interpose/wrappers/grep.go:26.43,26.57 1 0
github.com/gkgoat1/scripts/interpose/wrappers/grep.go:28.51,28.65 1 0
github.com/gkgoat1/scripts/interpose/wrappers/grep.go:30.53,31.20 1 2
github.com/gkgoat1/scripts/interpose/wrappers/grep.go:31.20,33.3 1 0
github.com/gkgoat1/scripts/interpose/wrappers/grep.go:34.2,37.28 3 2
github.com/gkgoat1/scripts/interpose/wrappers/grep.go:37.28,38.16 1 0
github.com/gkgoat1/scripts/interpose/wrappers/grep.go:38.16,40.4 1 0
github.com/gkgoat1/scripts/interpose/wrappers/grep.go:41.3,41.19 1 0
github.com/gkgoat1/scripts/interpose/wrappers/grep.go:44.2,47.37 4 2
github.com/gkgoat1/scripts/interpose/wrappers/grep.go:47.37,48.58 1 3
github.com/gkgoat1/scripts/interpose/wrappers/grep.go:48.58,50.12 2 2
github.com/gkgoat1/scripts/interpose/wrappers/grep.go:52.3,52.25 1 1
github.com/gkgoat1/scripts/interpose/wrappers/grep.go:54.2,54.28 1 2
github.com/gkgoat1/scripts/interpose/wrappers/grep.go:54.28,56.3 1 2
github.com/gkgoat1/scripts/interpose/wrappers/grep.go:57.2,57.63 1 2
github.com/gkgoat1/scripts/interpose/wrappers/grep.go:57.63,59.3 1 1
github.com/gkgoat1/scripts/interpose/wrappers/grep.go:60.2,60.48 1 2
github.com/gkgoat1/scripts/interpose/wrappers/grep.go:60.48,62.3 1 1
github.com/gkgoat1/scripts/interpose/wrappers/grep.go:63.2,63.18 1 1
github.com/gkgoat1/scripts/interpose/wrappers/grep.go:66.39,69.25 3 3
github.com/gkgoat1/scripts/interpose/wrappers/grep.go:69.25,70.15 1 8
github.com/gkgoat1/scripts/interpose/wrappers/grep.go:70.15,72.12 2 0
github.com/gkgoat1/scripts/interpose/wrappers/grep.go:74.3,74.44 1 8
github.com/gkgoat1/scripts/interpose/wrappers/grep.go:74.44,75.95 1 2
github.com/gkgoat1/scripts/interpose/wrappers/grep.go:75.96,77.5 0 2
github.com/gkgoat1/scripts/interpose/wrappers/grep.go:78.4,78.21 1 2
github.com/gkgoat1/scripts/interpose/wrappers/grep.go:78.21,80.5 1 0
github.com/gkgoat1/scripts/interpose/wrappers/grep.go:81.4,81.12 1 2
github.com/gkgoat1/scripts/interpose/wrappers/grep.go:83.3,84.15 2 6
github.com/gkgoat1/scripts/interpose/wrappers/grep.go:84.15,85.12 1 3
github.com/gkgoat1/scripts/interpose/wrappers/grep.go:87.3,87.11 1 3
github.com/gkgoat1/scripts/interpose/wrappers/grep.go:89.2,89.18 1 0
github.com/gkgoat1/scripts/interpose/wrappers/grep.go:92.35,93.14 1 4
github.com/gkgoat1/scripts/interpose/wrappers/grep.go:96.71,97.14 1 0
github.com/gkgoat1/scripts/interpose/wrappers/grep.go:98.10,99.15 1 4
github.com/gkgoat1/scripts/interpose/wrappers/grep.go:103.49,107.44 4 1
github.com/gkgoat1/scripts/interpose/wrappers/grep.go:107.44,109.32 2 7
github.com/gkgoat1/scripts/interpose/wrappers/grep.go:109.32,111.4 1 7
github.com/gkgoat1/scripts/interpose/wrappers/grep.go:113.2,113.34 1 1
github.com/gkgoat1/scripts/interpose/wrappers/grep.go:117.53,117.83 1 2
github.com/gkgoat1/scripts/internal/restoreconflict/restore.go:38.47,40.15 2 6
github.com/gkgoat1/scripts/internal/restoreconflict/restore.go:40.15,42.3 1 6
github.com/gkgoat1/scripts/internal/restoreconflict/restore.go:43.2,44.18 2 6
github.com/gkgoat1/scripts/internal/restoreconflict/restore.go:44.18,46.3 1 6
github.com/gkgoat1/scripts/internal/restoreconflict/restore.go:47.2,48.16 2 6
github.com/gkgoat1/scripts/internal/restoreconflict/restore.go:48.16,50.3 1 6
github.com/gkgoat1/scripts/internal/restoreconflict/restore.go:52.2,53.16 2 6
github.com/gkgoat1/scripts/internal/restoreconflict/restore.go:53.16,55.3 1 0
github.com/gkgoat1/scripts/internal/restoreconflict/restore.go:56.2,56.10 1 6
github.com/gkgoat1/scripts/internal/restoreconflict/restore.go:56.10,58.3 1 0
github.com/gkgoat1/scripts/internal/restoreconflict/restore.go:60.2,61.16 2 6
github.com/gkgoat1/scripts/internal/restoreconflict/restore.go:61.16,63.3 1 0
github.com/gkgoat1/scripts/internal/restoreconflict/restore.go:64.2,64.21 1 6
github.com/gkgoat1/scripts/internal/restoreconflict/restore.go:64.21,66.3 1 0
github.com/gkgoat1/scripts/internal/restoreconflict/restore.go:68.2,69.16 2 6
github.com/gkgoat1/scripts/internal/restoreconflict/restore.go:69.16,71.3 1 0
github.com/gkgoat1/scripts/internal/restoreconflict/restore.go:72.2,72.20 1 6
github.com/gkgoat1/scripts/internal/restoreconflict/restore.go:72.20,74.3 1 1
github.com/gkgoat1/scripts/internal/restoreconflict/restore.go:76.2,77.17 2 5
github.com/gkgoat1/scripts/internal/restoreconflict/restore.go:77.17,79.3 1 0
github.com/gkgoat1/scripts/internal/restoreconflict/restore.go:81.2,87.26 3 5
github.com/gkgoat1/scripts/internal/restoreconflict/restore.go:87.26,89.3 1 9
github.com/gkgoat1/scripts/internal/restoreconflict/restore.go:90.2,95.31 4 5
github.com/gkgoat1/scripts/internal/restoreconflict/restore.go:95.31,97.13 2 100
github.com/gkgoat1/scripts/internal/restoreconflict/restore.go:97.13,99.27 2 100
github.com/gkgoat1/scripts/internal/restoreconflict/restore.go:99.27,101.19 2 9
github.com/gkgoat1/scripts/internal/restoreconflict/restore.go:101.19,102.14 1 0
github.com/gkgoat1/scripts/internal/restoreconflict/restore.go:104.5,104.34 1 9
github.com/gkgoat1/scripts/internal/restoreconflict/restore.go:104.34,105.14 1 3
github.com/gkgoat1/scripts/internal/restoreconflict/restore.go:107.5,108.32 2 6
github.com/gkgoat1/scripts/internal/restoreconflict/restore.go:108.32,109.14 1 1
github.com/gkgoat1/scripts/internal/restoreconflict/restore.go:111.5,111.41 1 5
github.com/gkgoat1/scripts/internal/restoreconflict/restore.go:115.2,115.12 1 5
github.com/gkgoat1/scripts/internal/restoreconflict/restore.go:115.12,118.3 2 5
github.com/gkgoat1/scripts/internal/restoreconflict/restore.go:120.2,123.25 3 5
github.com/gkgoat1/scripts/internal/restoreconflict/restore.go:123.25,124.18 1 5
github.com/gkgoat1/scripts/internal/restoreconflict/restore.go:124.18,126.12 2 1
github.com/gkgoat1/scripts/internal/restoreconflict/restore.go:128.3,128.64 1 4
github.com/gkgoat1/scripts/internal/restoreconflict/restore.go:128.64,132.12 4 0
github.com/gkgoat1/scripts/internal/restoreconflict/restore.go:134.3,134.79 1 4
github.com/gkgoat1/scripts/internal/restoreconflict/restore.go:137.2,137.19 1 5
github.com/gkgoat1/scripts/internal/restoreconflict/restore.go:137.19,139.3 1 0
github.com/gkgoat1/scripts/internal/restoreconflict/restore.go:140.2,140.12 1 5
github.com/gkgoat1/scripts/internal/restoreconflict/restore.go:143.52,146.16 3 6
github.com/gkgoat1/scripts/internal/restoreconflict/restore.go:146.16,148.3 1 0
github.com/gkgoat1/scripts/internal/restoreconflict/restore.go:149.2,150.41 2 6
github.com/gkgoat1/scripts/internal/restoreconflict/restore.go:150.41,152.3 1 6
github.com/gkgoat1/scripts/internal/restoreconflict/restore.go:153.2,153.13 1 6
github.com/gkgoat1/scripts/internal/restoreconflict/restore.go:153.13,155.3 1 0
github.com/gkgoat1/scripts/internal/restoreconflict/restore.go:156.2,156.38 1 6
github.com/gkgoat1/scripts/internal/restoreconflict/restore.go:159.59,162.16 3 6
github.com/gkgoat1/scripts/internal/restoreconflict/restore.go:162.16,164.3 1 0
github.com/gkgoat1/scripts/internal/restoreconflict/restore.go:165.2,165.41 1 6
github.com/gkgoat1/scripts/internal/restoreconflict/restore.go:168.45,170.16 2 6
github.com/gkgoat1/scripts/internal/restoreconflict/restore.go:170.16,172.3 1 0
github.com/gkgoat1/scripts/internal/restoreconflict/restore.go:173.2,173.54 1 6
github.com/gkgoat1/scripts/internal/restoreconflict/restore.go:176.61,179.16 3 7
github.com/gkgoat1/scripts/internal/restoreconflict/restore.go:179.16,181.3 1 1
github.com/gkgoat1/scripts/internal/restoreconflict/restore.go:182.2,182.17 1 6
github.com/gkgoat1/scripts/internal/restoreconflict/restore.go:185.74,186.27 1 6
github.com/gkgoat1/scripts/internal/restoreconflict/restore.go:186.27,188.17 2 7
github.com/gkgoat1/scripts/internal/restoreconflict/restore.go:188.17,190.12 1 1
github.com/gkgoat1/scripts/internal/restoreconflict/restore.go:192.3,192.32 1 6
github.com/gkgoat1/scripts/internal/restoreconflict/restore.go:192.32,194.4 1 5
github.com/gkgoat1/scripts/internal/restoreconflict/restore.go:196.2,196.16 1 1
github.com/gkgoat1/scripts/internal/restoreconflict/restore.go:199.54,204.2 4 4
github.com/gkgoat1/scripts/internal/restoreconflict/restore.go:209.43,210.6 1 22
github.com/gkgoat1/scripts/internal/restoreconflict/restore.go:210.6,211.56 1 24
github.com/gkgoat1/scripts/internal/restoreconflict/restore.go:211.56,212.50 1 10
github.com/gkgoat1/scripts/internal/restoreconflict/restore.go:212.50,214.5 1 9
github.com/gkgoat1/scripts/internal/restoreconflict/restore.go:215.4,216.12 2 1
github.com/gkgoat1/scripts/internal/restoreconflict/restore.go:218.3,219.12 2 14
github.com/gkgoat1/scripts/internal/restoreconflict/restore.go:219.12,221.4 1 12
github.com/gkgoat1/scripts/internal/restoreconflict/restore.go:222.3,222.49 1 2
github.com/gkgoat1/scripts/internal/restoreconflict/restore.go:222.49,224.4 1 1
github.com/gkgoat1/scripts/internal/restoreconflict/restore.go:225.3,225.20 1 1
github.com/gkgoat1/scripts/internal/restoreconflict/restore.go:229.41,231.2 1 12
github.com/gkgoat1/scripts/internal/restoreconflict/restore.go:233.41,235.2 1 11
