mode: atomic
github.com/gkgoat1/scripts/cleanartifacts/main.go:16.13,21.21 4 0
github.com/gkgoat1/scripts/cleanartifacts/main.go:21.21,23.3 1 0
github.com/gkgoat1/scripts/cleanartifacts/main.go:25.2,26.16 2 0
github.com/gkgoat1/scripts/cleanartifacts/main.go:26.16,28.3 1 0
github.com/gkgoat1/scripts/cleanartifacts/main.go:28.8,30.3 1 0
github.com/gkgoat1/scripts/cleanartifacts/main.go:31.2,31.16 1 0
github.com/gkgoat1/scripts/cleanartifacts/main.go:31.16,34.3 2 0
github.com/gkgoat1/scripts/cleanartifacts/main.go:38.40,41.26 3 4
github.com/gkgoat1/scripts/cleanartifacts/main.go:41.26,43.21 2 5
github.com/gkgoat1/scripts/cleanartifacts/main.go:43.21,46.42 3 5
github.com/gkgoat1/scripts/cleanartifacts/main.go:46.42,48.5 1 0
github.com/gkgoat1/scripts/cleanartifacts/main.go:51.2,53.15 3 4
github.com/gkgoat1/scripts/cleanartifacts/main.go:56.40,58.16 2 1
github.com/gkgoat1/scripts/cleanartifacts/main.go:58.16,60.3 1 0
github.com/gkgoat1/scripts/cleanartifacts/main.go:61.2,62.37 2 1
github.com/gkgoat1/scripts/cleanartifacts/main.go:62.37,63.35 1 1
github.com/gkgoat1/scripts/cleanartifacts/main.go:63.35,64.35 1 1
github.com/gkgoat1/scripts/cleanartifacts/main.go:64.35,66.44 2 2
github.com/gkgoat1/scripts/cleanartifacts/main.go:66.44,68.6 1 1
github.com/gkgoat1/scripts/cleanartifacts/main.go:72.2,72.27 1 1
github.com/gkgoat1/scripts/cleanartifacts/main.go:75.34,79.82 2 2
github.com/gkgoat1/scripts/cleanartifacts/main.go:79.82,80.17 1 9
github.com/gkgoat1/scripts/cleanartifacts/main.go:80.17,82.4 1 0
github.com/gkgoat1/scripts/cleanartifacts/main.go:83.3,83.17 1 9
github.com/gkgoat1/scripts/cleanartifacts/main.go:83.17,85.4 1 1
github.com/gkgoat1/scripts/cleanartifacts/main.go:86.3,86.34 1 8
github.com/gkgoat1/scripts/cleanartifacts/main.go:86.34,87.24 1 15
github.com/gkgoat1/scripts/cleanartifacts/main.go:87.24,90.5 2 2
github.com/gkgoat1/scripts/cleanartifacts/main.go:92.3,92.13 1 6
github.com/gkgoat1/scripts/cleanartifacts/main.go:94.2,94.16 1 2
github.com/gkgoat1/scripts/cleanartifacts/main.go:94.16,96.3 1 0
github.com/gkgoat1/scripts/cleanartifacts/main.go:97.2,97.27 1 2
github.com/gkgoat1/scripts/workspace/scanner.go:54.38,56.2 1 2
github.com/gkgoat1/scripts/workspace/scanner.go:58.38,60.2 1 0
github.com/gkgoat1/scripts/workspace/scanner.go:66.35,67.24 1 1
github.com/gkgoat1/scripts/workspace/scanner.go:67.24,69.3 1 0
github.com/gkgoat1/scripts/workspace/scanner.go:70.2,72.31 3 1
github.com/gkgoat1/scripts/workspace/scanner.go:72.31,75.3 2 1
github.com/gkgoat1/scripts/workspace/scanner.go:76.2,76.19 1 1
github.com/gkgoat1/scripts/workspace/scanner.go:79.54,84.2 1 11
github.com/gkgoat1/scripts/workspace/scanner.go:86.41,88.2 1 2
github.com/gkgoat1/scripts/workspace/scanner.go:90.63,92.16 2 11
github.com/gkgoat1/scripts/workspace/scanner.go:92.16,94.3 1 1
github.com/gkgoat1/scripts/workspace/scanner.go:95.2,95.23 1 10
github.com/gkgoat1/scripts/workspace/scanner.go:95.23,97.3 1 1
github.com/gkgoat1/scripts/workspace/scanner.go:99.2,100.16 2 9
github.com/gkgoat1/scripts/workspace/scanner.go:100.16,102.3 1 1
github.com/gkgoat1/scripts/workspace/scanner.go:104.2,104.43 1 8
github.com/gkgoat1/scripts/workspace/scanner.go:104.43,106.3 1 4
github.com/gkgoat1/scripts/workspace/scanner.go:107.2,107.26 1 8
github.com/gkgoat1/scripts/workspace/scanner.go:107.26,108.53 1 12
github.com/gkgoat1/scripts/workspace/scanner.go:108.53,110.4 1 2
github.com/gkgoat1/scripts/workspace/scanner.go:113.2,117.19 2 8
github.com/gkgoat1/scripts/workspace/scanner.go:117.19,119.3 1 1
github.com/gkgoat1/scripts/workspace/scanner.go:120.2,120.18 1 7
github.com/gkgoat1/scripts/workspace/scanner.go:123.86,126.16 3 1
github.com/gkgoat1/scripts/workspace/scanner.go:126.16,128.3 1 0
github.com/gkgoat1/scripts/workspace/scanner.go:129.2,129.24 1 1
github.com/gkgoat1/scripts/workspace/scanner.go:132.93,133.34 1 29
github.com/gkgoat1/scripts/workspace/scanner.go:133.34,135.3 1 1
github.com/gkgoat1/scripts/workspace/scanner.go:137.2,138.16 2 28
github.com/gkgoat1/scripts/workspace/scanner.go:138.16,141.3 1 0
github.com/gkgoat1/scripts/workspace/scanner.go:142.2,148.32 5 28
github.com/gkgoat1/scripts/workspace/scanner.go:148.32,149.49 1 33
github.com/gkgoat1/scripts/workspace/scanner.go:149.49,151.9 2 13
github.com/gkgoat1/scripts/workspace/scanner.go:155.2,155.14 1 28
github.com/gkgoat1/scripts/workspace/scanner.go:155.14,157.17 2 13
github.com/gkgoat1/scripts/workspace/scanner.go:157.17,159.4 1 1
github.com/gkgoat1/scripts/workspace/scanner.go:159.9,161.4 1 12
github.com/gkgoat1/scripts/workspace/scanner.go:164.2,164.32 1 28
github.com/gkgoat1/scripts/workspace/scanner.go:164.32,165.21 1 43
github.com/gkgoat1/scripts/workspace/scanner.go:165.21,166.12 1 15
github.com/gkgoat1/scripts/workspace/scanner.go:168.3,168.29 1 28
github.com/gkgoat1/scripts/workspace/scanner.go:168.29,169.12 1 7
github.com/gkgoat1/scripts/workspace/scanner.go:171.3,171.31 1 21
github.com/gkgoat1/scripts/workspace/scanner.go:171.31,172.12 1 1
github.com/gkgoat1/scripts/workspace/scanner.go:175.3,177.17 3 20
github.com/gkgoat1/scripts/workspace/scanner.go:177.17,179.4 1 0
github.com/gkgoat1/scripts/workspace/scanner.go:180.3,181.36 2 20
github.com/gkgoat1/scripts/workspace/scanner.go:184.2,184.28 1 28
github.com/gkgoat1/scripts/workspace/scanner.go:187.69,190.16 3 13
github.com/gkgoat1/scripts/workspace/scanner.go:190.16,192.3 1 0
github.com/gkgoat1/scripts/workspace/scanner.go:193.2,194.16 2 13
github.com/gkgoat1/scripts/workspace/scanner.go:194.16,196.3 1 1
github.com/gkgoat1/scripts/workspace/scanner.go:198.2,199.16 2 12
github.com/gkgoat1/scripts/workspace/scanner.go:199.16,201.3 1 0
github.com/gkgoat1/scripts/workspace/scanner.go:202.2,206.8 1 12
github.com/gkgoat1/scripts/workspace/scanner.go:209.65,213.32 3 12
github.com/gkgoat1/scripts/workspace/scanner.go:213.32,215.17 2 21
github.com/gkgoat1/scripts/workspace/scanner.go:215.17,217.4 1 0
github.com/gkgoat1/scripts/workspace/scanner.go:218.3,220.33 2 21
github.com/gkgoat1/scripts/workspace/scanner.go:220.33,221.22 1 32
github.com/gkgoat1/scripts/workspace/scanner.go:221.22,222.13 1 15
github.com/gkgoat1/scripts/workspace/scanner.go:224.4,224.32 1 17
github.com/gkgoat1/scripts/workspace/scanner.go:224.32,225.13 1 1
github.com/gkgoat1/scripts/workspace/scanner.go:227.4,227.30 1 16
github.com/gkgoat1/scripts/workspace/scanner.go:227.30,229.13 2 7
github.com/gkgoat1/scripts/workspace/scanner.go:231.4,231.61 1 9
github.com/gkgoat1/scripts/workspace/scanner.go:231.61,233.5 1 0
github.com/gkgoat1/scripts/workspace/scanner.go:235.3,235.13 1 21
github.com/gkgoat1/scripts/workspace/scanner.go:238.2,238.42 1 12
github.com/gkgoat1/scripts/workspace/scanner.go:238.42,240.3 1 0
github.com/gkgoat1/scripts/workspace/scanner.go:241.2,241.19 1 12
github.com/gkgoat1/scripts/workspace/scanner.go:244.44,247.34 3 1
github.com/gkgoat1/scripts/workspace/scanner.go:247.34,249.3 1 2
github.com/gkgoat1/scripts/workspace/scanner.go:250.2,250.34 1 1
github.com/gkgoat1/scripts/workspace/scanner.go:250.34,252.3 1 2
github.com/gkgoat1/scripts/workspace/scanner.go:254.2,256.34 2 1
github.com/gkgoat1/scripts/workspace/scanner.go:256.34,258.10 2 2
github.com/gkgoat1/scripts/workspace/scanner.go:258.10,260.12 2 1
github.com/gkgoat1/scripts/workspace/scanner.go:262.3,262.27 1 1
github.com/gkgoat1/scripts/workspace/scanner.go:262.27,264.4 1 1
github.com/gkgoat1/scripts/workspace/scanner.go:267.2,267.31 1 1
github.com/gkgoat1/scripts/workspace/scanner.go:267.31,268.37 1 2
github.com/gkgoat1/scripts/workspace/scanner.go:268.37,270.4 1 1
github.com/gkgoat1/scripts/workspace/scanner.go:273.2,273.53 1 1
github.com/gkgoat1/scripts/workspace/scanner.go:273.53,275.3 1 0
github.com/gkgoat1/scripts/workspace/scanner.go:276.2,276.55 1 1
github.com/gkgoat1/scripts/workspace/scanner.go:276.55,278.3 1 0
github.com/gkgoat1/scripts/workspace/scanner.go:279.2,281.13 2 1
github.com/gkgoat1/scripts/workspace/scanner.go:284.37,285.22 1 1
github.com/gkgoat1/scripts/workspace/scanner.go:285.22,287.3 1 0
github.com/gkgoat1/scripts/workspace/scanner.go:288.2,288.20 1 1
github.com/gkgoat1/scripts/workspace/scanner.go:288.20,290.3 1 1
github.com/gkgoat1/scripts/workspace/scanner.go:291.2,291.34 1 0
github.com/gkgoat1/scripts/workspace/scanner.go:291.34,293.3 1 0
github.com/gkgoat1/scripts/workspace/scanner.go:294.2,294.25 1 0
github.com/gkgoat1/scripts/workspace/scanner.go:294.25,295.41 1 0
github.com/gkgoat1/scripts/workspace/scanner.go:295.41,297.4 1 0
github.com/gkgoat1/scripts/workspace/scanner.go:299.2,299.13 1 0
github.com/gkgoat1/scripts/workspace/scanner.go:302.44,303.42 1 49
github.com/gkgoat1/scripts/workspace/scanner.go:303.42,305.3 1 26
github.com/gkgoat1/scripts/workspace/scanner.go:308.48,310.2 1 38
github.com/gkgoat1/scripts/workspace/scanner.go:314.51,314.79 1 1
github.com/gkgoat1/scripts/workspace/scanner.go:315.57,317.2 1 5
github.com/gkgoat1/scripts/workspace/scanner.go:318.52,318.76 1 2
github.com/gkgoat1/scripts/workspace/scanner.go:319.52,319.85 1 4
github.com/gkgoat1/scripts/workspace/scanner.go:325.35,326.24 1 1
github.com/gkgoat1/scripts/workspace/scanner.go:326.24,328.3 1 0
github.com/gkgoat1/scripts/workspace/scanner.go:329.2,329.33 1 1
github.com/gkgoat1/scripts/interpose/core/context.go:17.73,26.2 2 0
github.com/gkgoat1/scripts/interpose/core/exec.go:23.36,23.60 1 0
github.com/gkgoat1/scripts/interpose/core/exec.go:25.75,27.2 1 0
github.com/gkgoat1/scripts/interpose/core/exec.go:29.45,29.59 1 0
github.com/gkgoat1/scripts/interpose/core/exec.go:31.53,31.67 1 0
github.com/gkgoat1/scripts/interpose/core/exec.go:34.52,41.34 7 0
github.com/gkgoat1/scripts/interpose/core/exec.go:41.34,42.42 1 0
github.com/gkgoat1/scripts/interpose/core/exec.go:42.42,43.55 1 0
github.com/gkgoat1/scripts/interpose/core/exec.go:43.55,45.5 1 0
github.com/gkgoat1/scripts/interpose/core/exec.go:46.4,46.17 1 0
github.com/gkgoat1/scripts/interpose/core/exec.go:48.3,48.59 1 0
github.com/gkgoat1/scripts/interpose/core/exec.go:50.2,50.15 1 0
github.com/gkgoat1/scripts/interpose/core/exec.go:54.40,56.16 2 0
github.com/gkgoat1/scripts/interpose/core/exec.go:56.16,59.3 2 0
github.com/gkgoat1/scripts/interpose/core/exec.go:61.2,63.16 3 0
github.com/gkgoat1/scripts/interpose/core/exec.go:63.16,66.3 2 0
github.com/gkgoat1/scripts/interpose/core/exec.go:67.2,69.38 2 0
github.com/gkgoat1/scripts/interpose/core/exec.go:69.38,72.3 2 0
github.com/gkgoat1/scripts/interpose/core/exec.go:74.2,75.16 2 0
github.com/gkgoat1/scripts/interpose/core/exec.go:75.16,78.3 2 0
github.com/gkgoat1/scripts/interpose/core/exec.go:79.2,80.15 2 0
github.com/gkgoat1/scripts/interpose/core/path.go:15.53,17.16 2 2
github.com/gkgoat1/scripts/interpose/core/path.go:17.16,19.3 1 0
github.com/gkgoat1/scripts/interpose/core/path.go:21.2,22.19 2 2
github.com/gkgoat1/scripts/interpose/core/path.go:22.19,24.3 1 0
github.com/gkgoat1/scripts/interpose/core/path.go:26.2,28.32 3 2
github.com/gkgoat1/scripts/interpose/core/path.go:28.32,30.17 2 3
github.com/gkgoat1/scripts/interpose/core/path.go:30.17,32.4 1 0
github.com/gkgoat1/scripts/interpose/core/path.go:33.3,33.17 1 3
github.com/gkgoat1/scripts/interpose/core/path.go:33.17,34.31 1 2
github.com/gkgoat1/scripts/interpose/core/path.go:34.31,36.5 1 2
github.com/gkgoat1/scripts/interpose/core/path.go:37.4,37.12 1 2
github.com/gkgoat1/scripts/interpose/core/path.go:39.3,40.30 2 1
github.com/gkgoat1/scripts/interpose/core/path.go:40.30,42.4 1 1
github.com/gkgoat1/scripts/interpose/core/path.go:44.2,44.34 1 1
github.com/gkgoat1/scripts/interpose/core/path.go:47.32,48.61 1 2
github.com/gkgoat1/scripts/interpose/core/path.go:48.61,50.17 2 2
github.com/gkgoat1/scripts/interpose/core/path.go:50.17,52.4 1 0
github.com/gkgoat1/scripts/interpose/core/path.go:53.3,53.18 1 2
github.com/gkgoat1/scripts/interpose/core/path.go:55.2,56.16 2 0
github.com/gkgoat1/scripts/interpose/core/path.go:56.16,58.3 1 0
github.com/gkgoat1/scripts/interpose/core/path.go:59.2,60.16 2 0
github.com/gkgoat1/scripts/interpose/core/path.go:60.16,62.3 1 0
github.com/gkgoat1/scripts/interpose/core/path.go:63.2,63.17 1 0
github.com/gkgoat1/scripts/interpose/core/path.go:66.32,70.2 3 2
github.com/gkgoat1/scripts/interpose/core/path.go:72.37,74.16 2 1
github.com/gkgoat1/scripts/interpose/core/path.go:74.16,76.3 1 0
github.com/gkgoat1/scripts/interpose/core/path.go:77.2,77.18 1 1
github.com/gkgoat1/scripts/interpose/core/path.go:77.18,79.3 1 0
github.com/gkgoat1/scripts/interpose/core/path.go:80.2,80.28 1 1
github.com/gkgoat1/scripts/interpose/core/path.go:80.28,82.3 1 1
github.com/gkgoat1/scripts/interpose/core/path.go:84.2,84.37 1 0
github.com/gkgoat1/scripts/interpose/core/path.go:84.37,86.17 2 0
github.com/gkgoat1/scripts/interpose/core/path.go:86.17,88.4 1 0
github.com/gkgoat1/scripts/interpose/core/path.go:89.3,90.17 2 0
github.com/gkgoat1/scripts/interpose/core/path.go:90.17,92.4 1 0
github.com/gkgoat1/scripts/interpose/core/path.go:93.3,93.51 1 0
github.com/gkgoat1/scripts/interpose/core/path.go:95.2,95.14 1 0
github.com/gkgoat1/scripts/interpose/core/path.go:99.55,102.25 3 1
github.com/gkgoat1/scripts/interpose/core/path.go:102.25,103.28 1 3
github.com/gkgoat1/scripts/interpose/core/path.go:103.28,105.12 2 1
github.com/gkgoat1/scripts/interpose/core/path.go:107.3,107.23 1 2
github.com/gkgoat1/scripts/interpose/core/path.go:109.2,109.19 1 1
github.com/gkgoat1/scripts/interpose/core/path.go:113.47,114.25 1 0
github.com/gkgoat1/scripts/interpose/core/path.go:114.25,115.16 1 0
github.com/gkgoat1/scripts/interpose/core/path.go:115.16,117.4 1 0
github.com/gkgoat1/scripts/interpose/core/path.go:119.2,119.14 1 0
github.com/gkgoat1/scripts/interpose/core/path.go:123.39,125.25 2 1
github.com/gkgoat1/scripts/interpose/core/path.go:125.25,126.15 1 3
github.com/gkgoat1/scripts/interpose/core/path.go:126.15,128.12 2 1
github.com/gkgoat1/scripts/interpose/core/path.go:130.3,130.58 1 2
github.com/gkgoat1/scripts/interpose/core/path.go:130.58,132.12 2 1
github.com/gkgoat1/scripts/interpose/core/path.go:134.3,134.32 1 1
github.com/gkgoat1/scripts/interpose/core/path.go:134.32,135.12 1 0
github.com/gkgoat1/scripts/interpose/core/path.go:137.3,137.11 1 1
github.com/gkgoat1/scripts/interpose/core/path.go:139.2,139.11 1 0
github.com/gkgoat1/scripts/prtag/prtag.go:31.36,36.16 4 15
github.com/gkgoat1/scripts/prtag/prtag.go:36.16,37.29 1 1
github.com/gkgoat1/scripts/prtag/prtag.go:37.29,39.4 1 1
github.com/gkgoat1/scripts/prtag/prtag.go:40.3,40.21 1 0
github.com/gkgoat1/scripts/prtag/prtag.go:43.2,44.9 2 14
github.com/gkgoat1/scripts/prtag/prtag.go:44.9,46.3 1 3
github.com/gkgoat1/scripts/prtag/prtag.go:48.2,51.6 3 11
github.com/gkgoat1/scripts/prtag/prtag.go:51.6,53.44 2 17
github.com/gkgoat1/scripts/prtag/prtag.go:53.44,55.4 1 0
github.com/gkgoat1/scripts/prtag/prtag.go:57.3,57.33 1 17
github.com/gkgoat1/scripts/prtag/prtag.go:57.33,59.9 2 7
github.com/gkgoat1/scripts/prtag/prtag.go:62.3,64.29 2 10
github.com/gkgoat1/scripts/prtag/prtag.go:64.29,65.9 1 4
github.com/gkgoat1/scripts/prtag/prtag.go:69.2,69.21 1 11
github.com/gkgoat1/scripts/prtag/prtag.go:69.21,71.3 1 4
github.com/gkgoat1/scripts/prtag/prtag.go:74.2,75.16 2 7
github.com/gkgoat1/scripts/prtag/prtag.go:75.16,77.3 1 2
github.com/gkgoat1/scripts/prtag/prtag.go:79.2,80.9 2 5
github.com/gkgoat1/scripts/prtag/prtag.go:80.9,82.3 1 1
github.com/gkgoat1/scripts/prtag/prtag.go:84.2,85.16 2 4
github.com/gkgoat1/scripts/prtag/prtag.go:85.16,87.3 1 0
github.com/gkgoat1/scripts/prtag/prtag.go:88.2,88.43 1 4
github.com/gkgoat1/scripts/prtag/prtag.go:88.43,90.3 1 2
github.com/gkgoat1/scripts/prtag/prtag.go:92.2,96.8 1 2
github.com/gkgoat1/scripts/prtag/prtag.go:103.37,105.54 2 7
github.com/gkgoat1/scripts/prtag/prtag.go:105.54,107.3 1 3
github.com/gkgoat1/scripts/prtag/prtag.go:109.2,110.16 2 4
github.com/gkgoat1/scripts/prtag/prtag.go:110.16,112.3 1 3
github.com/gkgoat1/scripts/prtag/prtag.go:113.2,113.41 1 4
github.com/gkgoat1/scripts/prtag/prtag.go:113.41,115.3 1 0
github.com/gkgoat1/scripts/prtag/prtag.go:117.2,119.50 2 4
github.com/gkgoat1/scripts/prtag/prtag.go:119.50,121.3 1 1
github.com/gkgoat1/scripts/prtag/prtag.go:123.2,133.34 10 4
github.com/gkgoat1/scripts/prtag/prtag.go:136.42,138.16 2 1
github.com/gkgoat1/scripts/prtag/prtag.go:138.16,140.3 1 0
github.com/gkgoat1/scripts/prtag/prtag.go:141.2,141.17 1 1
github.com/gkgoat1/scripts/prtag/prtag.go:144.61,146.16 2 2
github.com/gkgoat1/scripts/prtag/prtag.go:146.16,148.3 1 0
github.com/gkgoat1/scripts/prtag/prtag.go:149.2,149.36 1 2
github.com/gkgoat1/scripts/prtag/prtag.go:152.41,157.2 3 19
github.com/gkgoat1/scripts/prtag/prtag.go:159.48,161.16 2 39
github.com/gkgoat1/scripts/prtag/prtag.go:161.16,163.3 1 32
github.com/gkgoat1/scripts/prtag/prtag.go:164.2,164.28 1 7
github.com/gkgoat1/scripts/prtag/prtag.go:164.28,167.3 1 7
github.com/gkgoat1/scripts/prtag/prtag.go:168.2,168.16 1 0
github.com/gkgoat1/scripts/prtag/prtag.go:171.60,172.6 1 7
github.com/gkgoat1/scripts/prtag/prtag.go:172.6,174.44 2 7
github.com/gkgoat1/scripts/prtag/prtag.go:174.44,176.4 1 0
github.com/gkgoat1/scripts/prtag/prtag.go:177.3,177.36 1 7
github.com/gkgoat1/scripts/prtag/prtag.go:177.36,179.4 1 5
github.com/gkgoat1/scripts/prtag/prtag.go:180.3,180.29 1 2
github.com/gkgoat1/scripts/prtag/prtag.go:180.29,182.4 1 2
github.com/gkgoat1/scripts/prtag/prtag.go:186.50,188.35 2 14
github.com/gkgoat1/scripts/prtag/prtag.go:188.35,190.3 1 2
github.com/gkgoat1/scripts/prtag/prtag.go:191.2,192.16 2 12
github.com/gkgoat1/scripts/prtag/prtag.go:192.16,194.3 1 1
github.com/gkgoat1/scripts/prtag/prtag.go:195.2,195.40 1 11
github.com/gkgoat1/scripts/prtag/prtag.go:195.40,197.3 1 0
github.com/gkgoat1/scripts/prtag/prtag.go:198.2,198.19 1 11
github.com/gkgoat1/scripts/prtag/prtag.go:201.53,203.65 2 5
github.com/gkgoat1/scripts/prtag/prtag.go:203.65,205.3 1 1
github.com/gkgoat1/scripts/prtag/prtag.go:206.2,207.17 2 4
github.com/gkgoat1/scripts/prtag/prtag.go:207.17,209.3 1 0
github.com/gkgoat1/scripts/prtag/prtag.go:210.2,210.42 1 4
github.com/gkgoat1/scripts/prtag/prtag.go:210.42,212.3 1 0
github.com/gkgoat1/scripts/prtag/prtag.go:213.2,213.20 1 4
github.com/gkgoat1/scripts/prtag/prtag.go:216.35,218.2 1 36
github.com/gkgoat1/scripts/interpose/policy/tcc/paths.go:12.42,22.2 1 4
github.com/gkgoat1/scripts/interpose/policy/tcc/paths.go:25.32,27.16 2 4
github.com/gkgoat1/scripts/interpose/policy/tcc/paths.go:27.16,29.3 1 0
github.com/gkgoat1/scripts/interpose/policy/tcc/paths.go:30.2,31.49 2 4
github.com/gkgoat1/scripts/interpose/policy/tcc/paths.go:31.49,33.3 1 28
github.com/gkgoat1/scripts/interpose/policy/tcc/paths.go:34.2,35.14 2 4
github.com/gkgoat1/scripts/interpose/policy/tcc/paths.go:39.49,40.16 1 6
github.com/gkgoat1/scripts/interpose/policy/tcc/paths.go:40.16,42.3 1 0
github.com/gkgoat1/scripts/interpose/policy/tcc/paths.go:43.2,43.35 1 6
github.com/gkgoat1/scripts/interpose/policy/tcc/paths.go:43.35,45.17 2 0
github.com/gkgoat1/scripts/interpose/policy/tcc/paths.go:45.17,47.4 1 0
github.com/gkgoat1/scripts/interpose/policy/tcc/paths.go:48.3,48.39 1 0
github.com/gkgoat1/scripts/interpose/policy/tcc/paths.go:49.8,49.24 1 6
github.com/gkgoat1/scripts/interpose/policy/tcc/paths.go:49.24,51.17 2 0
github.com/gkgoat1/scripts/interpose/policy/tcc/paths.go:51.17,53.4 1 0
github.com/gkgoat1/scripts/interpose/policy/tcc/paths.go:54.3,54.14 1 0
github.com/gkgoat1/scripts/interpose/policy/tcc/paths.go:56.2,56.27 1 6
github.com/gkgoat1/scripts/interpose/policy/tcc/paths.go:56.27,58.17 2 0
github.com/gkgoat1/scripts/interpose/policy/tcc/paths.go:58.17,60.4 1 0
github.com/gkgoat1/scripts/interpose/policy/tcc/paths.go:61.3,61.34 1 0
github.com/gkgoat1/scripts/interpose/policy/tcc/paths.go:63.2,65.16 3 6
github.com/gkgoat1/scripts/interpose/policy/tcc/paths.go:65.16,67.3 1 5
github.com/gkgoat1/scripts/interpose/policy/tcc/paths.go:68.2,68.18 1 6
github.com/gkgoat1/scripts/interpose/policy/tcc/paths.go:72.36,74.30 2 4
github.com/gkgoat1/scripts/interpose/policy/tcc/paths.go:74.30,76.3 1 0
github.com/gkgoat1/scripts/interpose/policy/tcc/paths.go:77.2,77.40 1 4
github.com/gkgoat1/scripts/interpose/policy/tcc/paths.go:77.40,79.79 2 23
github.com/gkgoat1/scripts/interpose/policy/tcc/paths.go:79.79,81.4 1 2
github.com/gkgoat1/scripts/interpose/policy/tcc/paths.go:83.2,83.14 1 2
github.com/gkgoat1/scripts/interpose/policy/tcc/paths.go:87.47,89.16 2 2
github.com/gkgoat1/scripts/interpose/policy/tcc/paths.go:89.16,91.3 1 0
github.com/gkgoat1/scripts/interpose/policy/tcc/paths.go:92.2,93.33 2 2
github.com/gkgoat1/scripts/interpose/policy/tcc/paths.go:93.33,95.3 1 1
github.com/gkgoat1/scripts/interpose/policy/tcc/paths.go:96.2,96.26 1 1
github.com/gkgoat1/scripts/interpose/config/config.go:20.20,21.19 1 0
github.com/gkgoat1/scripts/interpose/config/config.go:21.19,23.3 1 0
github.com/gkgoat1/scripts/interpose/config/config.go:24.2,29.16 4 0
github.com/gkgoat1/scripts/interpose/config/config.go:29.16,32.3 2 0
github.com/gkgoat1/scripts/interpose/config/config.go:33.2,36.16 3 0
github.com/gkgoat1/scripts/interpose/config/config.go:36.16,38.49 2 0
github.com/gkgoat1/scripts/interpose/config/config.go:38.49,39.12 1 0
github.com/gkgoat1/scripts/interpose/config/config.go:41.3,42.10 2 0
github.com/gkgoat1/scripts/interpose/config/config.go:42.10,43.12 1 0
github.com/gkgoat1/scripts/interpose/config/config.go:45.3,47.14 3 0
github.com/gkgoat1/scripts/interpose/config/config.go:48.31,49.66 1 0
github.com/gkgoat1/scripts/interpose/config/config.go:50.27,51.58 1 0
github.com/gkgoat1/scripts/interpose/config/config.go:52.26,53.17 1 0
github.com/gkgoat1/scripts/interpose/config/config.go:53.17,55.5 1 0
github.com/gkgoat1/scripts/interpose/config/config.go:58.2,59.12 2 0
github.com/gkgoat1/scripts/interpose/config/config.go:63.14,65.2 1 0
github.com/gkgoat1/scripts/interpose/config/config.go:68.46,70.45 2 0
github.com/gkgoat1/scripts/interpose/config/config.go:70.45,71.42 1 0
github.com/gkgoat1/scripts/interpose/config/config.go:71.42,73.4 1 0
github.com/gkgoat1/scripts/interpose/config/config.go:75.2,75.14 1 0
github.com/gkgoat1/scripts/internal/testutil/exec.go:18.54,25.16 7 0
github.com/gkgoat1/scripts/internal/testutil/exec.go:25.16,26.42 1 0
github.com/gkgoat1/scripts/internal/testutil/exec.go:26.42,28.4 1 0
github.com/gkgoat1/scripts/internal/testutil/exec.go:28.9,30.4 1 0
github.com/gkgoat1/scripts/internal/testutil/exec.go:32.2,36.3 1 0
github.com/gkgoat1/scripts/internal/testutil/exec.go:40.57,43.50 3 0
github.com/gkgoat1/scripts/internal/testutil/exec.go:43.50,45.3 1 0
github.com/gkgoat1/scripts/internal/testutil/exec.go:49.47,51.50 2 0
github.com/gkgoat1/scripts/internal/testutil/exec.go:51.50,52.69 1 0
github.com/gkgoat1/scripts/internal/testutil/exec.go:57.42,59.2 1 0
github.com/gkgoat1/scripts/internal/testutil/fs.go:10.46,12.26 2 0
github.com/gkgoat1/scripts/internal/testutil/fs.go:12.26,13.47 1 0
github.com/gkgoat1/scripts/internal/testutil/fs.go:13.47,15.4 1 0
github.com/gkgoat1/scripts/internal/testutil/fs.go:20.68,22.34 2 0
github.com/gkgoat1/scripts/internal/testutil/fs.go:22.34,24.64 2 0
github.com/gkgoat1/scripts/internal/testutil/fs.go:24.64,26.4 1 0
github.com/gkgoat1/scripts/internal/testutil/fs.go:27.3,27.68 1 0
github.com/gkgoat1/scripts/internal/testutil/fs.go:27.68,29.4 1 0
github.com/gkgoat1/scripts/internal/testutil/fs.go:34.35,37.2 2 0
github.com/gkgoat1/scripts/internal/testutil/git.go:12.41,20.2 7 0
github.com/gkgoat1/scripts/internal/testutil/git.go:23.45,26.16 3 0
github.com/gkgoat1/scripts/internal/testutil/git.go:26.16,28.3 1 0
github.com/gkgoat1/scripts/internal/testutil/git.go:29.2,29.39 1 0
github.com/gkgoat1/scripts/internal/testutil/git.go:33.65,36.15 3 0
github.com/gkgoat1/scripts/internal/testutil/git.go:36.15,38.3 1 0
github.com/gkgoat1/scripts/internal/testutil/git.go:39.2,39.50 1 0
github.com/gkgoat1/scripts/internal/testutil/git.go:39.50,41.3 1 0
github.com/gkgoat1/scripts/internal/testutil/git.go:45.52,47.67 2 0
github.com/gkgoat1/scripts/internal/testutil/git.go:47.67,49.3 1 0
github.com/gkgoat1/scripts/internal/testutil/git.go:53.63,68.2 13 0
github.com/gkgoat1/scripts/interpose/wrappers/find.go:13.27,13.44 1 0
github.com/gkgoat1/scripts/interpose/wrappers/find.go:15.73,17.12 2 1
github.com/gkgoat1/scripts/interpose/wrappers/find.go:17.12,19.3 1 1
github.com/gkgoat1/scripts/interpose/wrappers/find.go:20.2,20.27 1 0
github.com/gkgoat1/scripts/interpose/wrappers/find.go:23.43,23.57 1 0
github.com/gkgoat1/scripts/interpose/wrappers/find.go:25.51,25.65 1 0
github.com/gkgoat1/scripts/interpose/wrappers/find.go:27.53,28.20 1 1
github.com/gkgoat1/scripts/interpose/wrappers/find.go:28.20,30.3 1 0
github.com/gkgoat1/scripts/interpose/wrappers/find.go:31.2,32.27 2 1
github.com/gkgoat1/scripts/interpose/wrappers/find.go:32.27,34.3 1 0
github.com/gkgoat1/scripts/interpose/wrappers/find.go:35.2,36.38 2 1
github.com/gkgoat1/scripts/interpose/wrappers/find.go:36.38,38.23 2 1
github.com/gkgoat1/scripts/interpose/wrappers/find.go:38.23,40.4 1 0
github.com/gkgoat1/scripts/interpose/wrappers/find.go:41.3,48.18 7 1
github.com/gkgoat1/scripts/interpose/wrappers/find.go:50.2,50.18 1 0
github.com/gkgoat1/scripts/interpose/wrappers/find.go:53.40,54.25 1 1
github.com/gkgoat1/scripts/interpose/wrappers/find.go:54.25,55.32 1 1
github.com/gkgoat1/scripts/interpose/wrappers/find.go:55.32,56.12 1 0
github.com/gkgoat1/scripts/interpose/wrappers/find.go:58.3,58.11 1 1
github.com/gkgoat1/scripts/interpose/wrappers/find.go:60.2,60.18 1 0
github.com/gkgoat1/scripts/interpose/wrappers/find.go:63.33,65.44 2 1
github.com/gkgoat1/scripts/interpose/wrappers/find.go:65.44,66.17 1 7
github.com/gkgoat1/scripts/interpose/wrappers/find.go:66.17,68.4 1 7
github.com/gkgoat1/scripts/interpose/wrappers/find.go:70.2,70.21 1 1
github.com/gkgoat1/scripts/interpose/wrappers/find.go:70.21,72.3 1 0
github.com/gkgoat1/scripts/interpose/wrappers/find.go:73.2,75.29 3 1
github.com/gkgoat1/scripts/interpose/wrappers/find.go:75.29,76.12 1 7
github.com/gkgoat1/scripts/interpose/wrappers/find.go:76.12,78.4 1 6
github.com/gkgoat1/scripts/interpose/wrappers/find.go:79.3,79.49 1 7
github.com/gkgoat1/scripts/interpose/wrappers/find.go:81.2,82.14 2 1
github.com/gkgoat1/scripts/interpose/wrappers/find.go:86.53,86.83 1 1
github.com/gkgoat1/scripts/interpose/wrappers/find.go:89.43,92.2 2 0
github.com/gkgoat1/scripts/interpose/wrappers/git.go:18.26,18.42 1 0
github.com/gkgoat1/scripts/interpose/wrappers/git.go:20.74,23.2 2 0
github.com/gkgoat1/scripts/interpose/wrappers/git.go:25.44,26.46 1 2
github.com/gkgoat1/scripts/interpose/wrappers/git.go:26.46,28.3 1 0
github.com/gkgoat1/scripts/interpose/wrappers/git.go:29.2,29.31 1 2
github.com/gkgoat1/scripts/interpose/wrappers/git.go:29.31,31.3 1 1
github.com/gkgoat1/scripts/interpose/wrappers/git.go:32.2,33.30 2 1
github.com/gkgoat1/scripts/interpose/wrappers/git.go:33.30,35.3 1 0
github.com/gkgoat1/scripts/interpose/wrappers/git.go:36.2,36.36 1 1
github.com/gkgoat1/scripts/interpose/wrappers/git.go:36.36,38.3 1 0
github.com/gkgoat1/scripts/interpose/wrappers/git.go:39.2,39.42 1 1
github.com/gkgoat1/scripts/interpose/wrappers/git.go:42.50,42.64 1 0
github.com/gkgoat1/scripts/interpose/wrappers/git.go:44.41,46.13 2 10
github.com/gkgoat1/scripts/interpose/wrappers/git.go:47.15,48.14 1 2
github.com/gkgoat1/scripts/interpose/wrappers/git.go:49.28,50.67 1 1
github.com/gkgoat1/scripts/interpose/wrappers/git.go:51.17,53.80 1 0
github.com/gkgoat1/scripts/interpose/wrappers/git.go:54.14,56.44 1 1
github.com/gkgoat1/scripts/interpose/wrappers/git.go:57.16,58.34 1 1
github.com/gkgoat1/scripts/interpose/wrappers/git.go:59.15,60.33 1 1
github.com/gkgoat1/scripts/interpose/wrappers/git.go:61.16,62.14 1 2
github.com/gkgoat1/scripts/interpose/wrappers/git.go:63.10,64.15 1 2
github.com/gkgoat1/scripts/interpose/wrappers/git.go:68.51,69.25 1 1
github.com/gkgoat1/scripts/interpose/wrappers/git.go:69.25,70.29 1 2
github.com/gkgoat1/scripts/interpose/wrappers/git.go:70.29,72.4 1 0
github.com/gkgoat1/scripts/interpose/wrappers/git.go:73.3,73.77 1 2
github.com/gkgoat1/scripts/interpose/wrappers/git.go:73.77,74.28 1 1
github.com/gkgoat1/scripts/interpose/wrappers/git.go:74.28,75.19 1 1
github.com/gkgoat1/scripts/interpose/wrappers/git.go:75.19,77.6 1 1
github.com/gkgoat1/scripts/interpose/wrappers/git.go:81.2,81.14 1 0
github.com/gkgoat1/scripts/interpose/wrappers/git.go:84.55,88.25 4 0
github.com/gkgoat1/scripts/interpose/wrappers/git.go:88.25,89.15 1 0
github.com/gkgoat1/scripts/interpose/wrappers/git.go:89.15,91.12 2 0
github.com/gkgoat1/scripts/interpose/wrappers/git.go:93.3,93.13 1 0
github.com/gkgoat1/scripts/interpose/wrappers/git.go:93.13,94.16 1 0
github.com/gkgoat1/scripts/interpose/wrappers/git.go:94.16,96.5 1 0
github.com/gkgoat1/scripts/interpose/wrappers/git.go:97.4,97.12 1 0
github.com/gkgoat1/scripts/interpose/wrappers/git.go:99.3,99.32 1 0
github.com/gkgoat1/scripts/interpose/wrappers/git.go:99.32,100.67 1 0
github.com/gkgoat1/scripts/interpose/wrappers/git.go:100.67,102.5 1 0
github.com/gkgoat1/scripts/interpose/wrappers/git.go:103.4,103.12 1 0
github.com/gkgoat1/scripts/interpose/wrappers/git.go:105.3,105.27 1 0
github.com/gkgoat1/scripts/interpose/wrappers/git.go:107.2,107.14 1 0
github.com/gkgoat1/scripts/interpose/wrappers/git.go:110.65,117.34 7 1
github.com/gkgoat1/scripts/interpose/wrappers/git.go:117.34,119.3 1 0
github.com/gkgoat1/scripts/interpose/wrappers/git.go:120.2,120.45 1 1
github.com/gkgoat1/scripts/interpose/wrappers/git.go:123.57,125.33 2 1
github.com/gkgoat1/scripts/interpose/wrappers/git.go:125.33,126.18 1 3
github.com/gkgoat1/scripts/interpose/wrappers/git.go:127.13,128.23 1 1
github.com/gkgoat1/scripts/interpose/wrappers/git.go:128.23,131.5 2 1
github.com/gkgoat1/scripts/interpose/wrappers/git.go:132.20,133.23 1 0
github.com/gkgoat1/scripts/interpose/wrappers/git.go:133.23,136.5 2 0
github.com/gkgoat1/scripts/interpose/wrappers/git.go:137.22,138.23 1 0
github.com/gkgoat1/scripts/interpose/wrappers/git.go:138.23,141.5 2 0
github.com/gkgoat1/scripts/interpose/wrappers/git.go:144.2,144.29 1 1
github.com/gkgoat1/scripts/interpose/wrappers/git.go:147.46,150.16 3 1
github.com/gkgoat1/scripts/interpose/wrappers/git.go:150.16,152.3 1 0
github.com/gkgoat1/scripts/interpose/wrappers/git.go:153.2,153.22 1 1
github.com/gkgoat1/scripts/interpose/wrappers/git.go:153.22,155.3 1 0
github.com/gkgoat1/scripts/interpose/wrappers/git.go:156.2,157.16 2 1
github.com/gkgoat1/scripts/interpose/wrappers/git.go:157.16,159.3 1 0
github.com/gkgoat1/scripts/interpose/wrappers/git.go:160.2,164.34 5 1
github.com/gkgoat1/scripts/interpose/wrappers/git.go:164.34,166.3 1 0
github.com/gkgoat1/scripts/interpose/wrappers/git.go:167.2,168.12 2 1
github.com/gkgoat1/scripts/interpose/wrappers/git.go:171.70,176.34 5 2
github.com/gkgoat1/scripts/interpose/wrappers/git.go:176.34,178.3 1 0
github.com/gkgoat1/scripts/interpose/wrappers/git.go:179.2,179.45 1 2
github.com/gkgoat1/scripts/interpose/wrappers/git.go:182.41,183.39 1 1
github.com/gkgoat1/scripts/interpose/wrappers/git.go:183.39,184.10 1 4
github.com/gkgoat1/scripts/interpose/wrappers/git.go:185.103,186.12 1 4
github.com/gkgoat1/scripts/interpose/wrappers/git.go:187.11,188.14 1 0
github.com/gkgoat1/scripts/interpose/wrappers/git.go:191.2,191.16 1 1
github.com/gkgoat1/scripts/interpose/wrappers/git.go:191.16,193.3 1 0
github.com/gkgoat1/scripts/interpose/wrappers/git.go:194.2,194.13 1 1
github.com/gkgoat1/scripts/interpose/wrappers/git.go:198.41,198.72 1 8
github.com/gkgoat1/scripts/interpose/wrappers/grep.go:16.27,16.44 1 0
github.com/gkgoat1/scripts/interpose/wrappers/grep.go:18.73,20.12 2 0
github.com/gkgoat1/scripts/interpose/wrappers/grep.go:20.12,22.3 1 0
github.com/gkgoat1/scripts/interpose/wrappers/grep.go:23.2,23.27 1 0
github.com/gkgoat1/scripts/interpose/wrappers/grep.go:26.43,26.57 1 0
github.com/gkgoat1/scripts/interpose/wrappers/grep.go:28.51,28.65 1 0
github.com/gkgoat1/scripts/interpose/wrappers/grep.go:30.53,31.20 1 2
github.com/gkgoat1/scripts/interpose/wrappers/grep.go:31.20,33.3 1 0
github.com/gkgoat1/scripts/interpose/wrappers/grep.go:34.2,37.28 3 2
github.com/gkgoat1/scripts/interpose/wrappers/grep.go:37.28,38.16 1 0
github.com/gkgoat1/scripts/interpose/wrappers/grep.go:38.16,40.4 1 0
github.com/gkgoat1/scripts/interpose/wrappers/grep.go:41.3,41.19 1 0
github.com/gkgoat1/scripts/interpose/wrappers/grep.go:44.2,47.37 4 2
github.com/gkgoat1/scripts/interpose/wrappers/grep.go:47.37,48.58 1 3
github.com/gkgoat1/scripts/interpose/wrappers/grep.go:48.58,50.12 2 2
github.com/gkgoat1/scripts/interpose/wrappers/grep.go:52.3,52.25 1 1
github.com/gkgoat1/scripts/interpose/wrappers/grep.go:54.2,54.28 1 2
github.com/gkgoat1/scripts/interpose/wrappers/grep.go:54.28,56.3 1 2
github.com/gkgoat1/scripts/interpose/wrappers/grep.go:57.2,57.63 1 2
github.com/gkgoat1/scripts/interpose/wrappers/grep.go:57.63,59.3 1 1
github.com/gkgoat1/scripts/interpose/wrappers/grep.go:60.2,60.48 1 2
github.com/gkgoat1/scripts/interpose/wrappers/grep.go:60.48,62.3 1 1
github.com/gkgoat1/scripts/interpose/wrappers/grep.go:63.2,63.18 1 1
github.com/gkgoat1/scripts/interpose/wrappers/grep.go:66.39,69.25 3 3
github.com/gkgoat1/scripts/interpose/wrappers/grep.go:69.25,70.15 1 8
github.com/gkgoat1/scripts/interpose/wrappers/grep.go:70.15,72.12 2 0
github.com/gkgoat1/scripts/interpose/wrappers/grep.go:74.3,74.44 1 8
github.com/gkgoat1/scripts/interpose/wrappers/grep.go:74.44,75.95 1 2
github.com/gkgoat1/scripts/interpose/wrappers/grep.go:75.96,77.5 0 2
github.com/gkgoat1/scripts/interpose/wrappers/grep.go:78.4,78.21 1 2
github.com/gkgoat1/scripts/interpose/wrappers/grep.go:78.21,80.5 1 0
github.com/gkgoat1/scripts/interpose/wrappers/grep.go:81.4,81.12 1 2
github.com/gkgoat1/scripts/interpose/wrappers/grep.go:83.3,84.15 2 6
github.com/gkgoat1/scripts/interpose/wrappers/grep.go:84.15,85.12 1 3
github.com/gkgoat1/scripts/interpose/wrappers/grep.go:87.3,87.11 1 3
github.com/gkgoat1/scripts/interpose/wrappers/grep.go:89.2,89.18 1 0
github.com/gkgoat1/scripts/interpose/wrappers/grep.go:92.35,93.14 1 4
github.com/gkgoat1/scripts/interpose/wrappers/grep.go:96.71,97.14 1 0
github.com/gkgoat1/scripts/interpose/wrappers/grep.go:98.10,99.15 1 4
github.com/gkgoat1/scripts/interpose/wrappers/grep.go:103.49,107.44 4 1
github.com/gkgoat1/scripts/interpose/wrappers/grep.go:107.44,109.32 2 7
github.com/gkgoat1/scripts/interpose/wrappers/grep.go:109.32,111.4 1 7
github.com/gkgoat1/scripts/interpose/wrappers/grep.go:113.2,113.34 1 1
github.com/gkgoat1/scripts/interpose/wrappers/grep.go:117.53,117.83 1 2
github.com/gkgoat1/scripts/interpose/main.go:12.13,17.14 4 0
github.com/gkgoat1/scripts/interpose/main.go:18.13,19.21 1 0
github.com/gkgoat1/scripts/interpose/main.go:20.14,21.22 1 0
github.com/gkgoat1/scripts/interpose/main.go:22.14,23.22 1 0
github.com/gkgoat1/scripts/interpose/main.go:24.19,25.21 1 0
github.com/gkgoat1/scripts/interpose/main.go:25.21,28.4 2 0
github.com/gkgoat1/scripts/interpose/main.go:29.3,31.15 3 0
github.com/gkgoat1/scripts/interpose/main.go:32.14,33.22 1 0
github.com/gkgoat1/scripts/interpose/main.go:34.15,35.23 1 0
github.com/gkgoat1/scripts/interpose/main.go:36.15,37.23 1 0
github.com/gkgoat1/scripts/interpose/main.go:38.11,40.14 2 0
github.com/gkgoat1/scripts/interpose/main.go:42.10,44.13 2 0
github.com/gkgoat1/scripts/interpose/main.go:47.2,47.23 1 0
github.com/gkgoat1/scripts/forfiles/forfiles.go:11.13,22.21 6 0
github.com/gkgoat1/scripts/forfiles/forfiles.go:22.21,27.25 3 0
github.com/gkgoat1/scripts/forfiles/forfiles.go:27.25,29.4 1 0
github.com/gkgoat1/scripts/forfiles/forfiles.go:30.3,31.26 2 0
github.com/gkgoat1/scripts/forfiles/forfiles.go:31.26,33.18 2 0
github.com/gkgoat1/scripts/forfiles/forfiles.go:33.18,35.5 1 0
github.com/gkgoat1/scripts/forfiles/forfiles.go:36.4,37.20 2 0
github.com/gkgoat1/scripts/forfiles/forfiles.go:42.2,42.38 1 0
github.com/gkgoat1/scripts/forfiles/forfiles.go:42.38,45.3 1 0
github.com/gkgoat1/scripts/forfiles/forfiles.go:47.2,47.25 1 0
github.com/gkgoat1/scripts/forfiles/forfiles.go:47.25,49.3 1 0
github.com/gkgoat1/scripts/gitall/main.go:71.46,74.2 2 0
github.com/gkgoat1/scripts/gitall/main.go:76.49,79.2 2 0
github.com/gkgoat1/scripts/gitall/main.go:81.13,90.22 9 0
github.com/gkgoat1/scripts/gitall/main.go:90.22,95.3 4 0
github.com/gkgoat1/scripts/gitall/main.go:96.2,99.20 3 0
github.com/gkgoat1/scripts/gitall/main.go:99.20,102.3 2 0
github.com/gkgoat1/scripts/gitall/main.go:103.2,105.21 3 0
github.com/gkgoat1/scripts/gitall/main.go:105.21,107.3 1 0
github.com/gkgoat1/scripts/gitall/main.go:108.2,108.16 1 0
github.com/gkgoat1/scripts/gitall/main.go:109.22,109.22 0 0
github.com/gkgoat1/scripts/gitall/main.go:110.10,112.13 2 0
github.com/gkgoat1/scripts/gitall/main.go:114.2,114.15 1 0
github.com/gkgoat1/scripts/gitall/main.go:115.22,115.22 0 0
github.com/gkgoat1/scripts/gitall/main.go:116.10,118.13 2 0
github.com/gkgoat1/scripts/gitall/main.go:121.2,124.16 3 0
github.com/gkgoat1/scripts/gitall/main.go:124.16,127.3 2 0
github.com/gkgoat1/scripts/gitall/main.go:128.2,129.21 2 0
github.com/gkgoat1/scripts/gitall/main.go:129.21,132.3 2 0
github.com/gkgoat1/scripts/gitall/main.go:133.2,133.15 1 0
github.com/gkgoat1/scripts/gitall/main.go:133.15,135.3 1 0
github.com/gkgoat1/scripts/gitall/main.go:141.2,143.26 3 0
github.com/gkgoat1/scripts/gitall/main.go:143.26,144.21 1 0
github.com/gkgoat1/scripts/gitall/main.go:144.21,146.4 1 0
github.com/gkgoat1/scripts/gitall/main.go:148.2,148.18 1 0
github.com/gkgoat1/scripts/gitall/main.go:148.18,149.17 1 0
github.com/gkgoat1/scripts/gitall/main.go:149.17,151.4 1 0
github.com/gkgoat1/scripts/gitall/main.go:153.2,153.16 1 0
github.com/gkgoat1/scripts/gitall/main.go:153.16,155.3 1 0
github.com/gkgoat1/scripts/gitall/main.go:166.63,168.16 2 0
github.com/gkgoat1/scripts/gitall/main.go:168.16,170.3 1 0
github.com/gkgoat1/scripts/gitall/main.go:171.2,171.15 1 0
github.com/gkgoat1/scripts/gitall/main.go:171.15,173.3 1 0
github.com/gkgoat1/scripts/gitall/main.go:175.2,176.16 2 0
github.com/gkgoat1/scripts/gitall/main.go:176.16,179.3 2 0
github.com/gkgoat1/scripts/gitall/main.go:180.2,183.16 3 0
github.com/gkgoat1/scripts/gitall/main.go:183.16,186.3 2 0
github.com/gkgoat1/scripts/gitall/main.go:188.2,191.24 3 0
github.com/gkgoat1/scripts/gitall/main.go:191.24,193.3 1 0
github.com/gkgoat1/scripts/gitall/main.go:194.2,195.40 2 0
github.com/gkgoat1/scripts/gitall/main.go:195.40,197.3 1 0
github.com/gkgoat1/scripts/gitall/main.go:198.2,198.11 1 0
github.com/gkgoat1/scripts/gitall/main.go:204.104,206.22 2 0
github.com/gkgoat1/scripts/gitall/main.go:206.22,207.60 1 0
github.com/gkgoat1/scripts/gitall/main.go:207.60,209.4 1 0
github.com/gkgoat1/scripts/gitall/main.go:211.2,211.47 1 0
github.com/gkgoat1/scripts/gitall/main.go:211.47,213.3 1 0
github.com/gkgoat1/scripts/gitall/main.go:214.2,214.64 1 0
github.com/gkgoat1/scripts/gitall/main.go:214.64,216.3 1 0
github.com/gkgoat1/scripts/gitall/main.go:217.2,217.11 1 0
github.com/gkgoat1/scripts/gitall/main.go:222.78,223.12 1 0
github.com/gkgoat1/scripts/gitall/main.go:223.12,226.3 2 0
github.com/gkgoat1/scripts/gitall/main.go:227.2,228.28 2 0
github.com/gkgoat1/scripts/gitall/main.go:228.28,229.49 1 0
github.com/gkgoat1/scripts/gitall/main.go:229.49,230.53 1 0
github.com/gkgoat1/scripts/gitall/main.go:230.53,232.5 1 0
github.com/gkgoat1/scripts/gitall/main.go:234.3,234.47 1 0
github.com/gkgoat1/scripts/gitall/main.go:234.47,237.12 3 0
github.com/gkgoat1/scripts/gitall/main.go:239.3,240.48 2 0
github.com/gkgoat1/scripts/gitall/main.go:240.48,241.18 1 0
github.com/gkgoat1/scripts/gitall/main.go:241.18,242.59 1 0
github.com/gkgoat1/scripts/gitall/main.go:242.59,246.6 3 0
github.com/gkgoat1/scripts/gitall/main.go:247.10,250.5 2 0
github.com/gkgoat1/scripts/gitall/main.go:252.3,252.12 1 0
github.com/gkgoat1/scripts/gitall/main.go:252.12,253.58 1 0
github.com/gkgoat1/scripts/gitall/main.go:253.58,256.5 2 0
github.com/gkgoat1/scripts/gitall/main.go:257.4,257.59 1 0
github.com/gkgoat1/scripts/gitall/main.go:257.59,260.5 2 0
github.com/gkgoat1/scripts/gitall/main.go:263.2,263.11 1 0
github.com/gkgoat1/scripts/gitall/main.go:268.53,270.16 2 0
github.com/gkgoat1/scripts/gitall/main.go:270.16,272.3 1 0
github.com/gkgoat1/scripts/gitall/main.go:273.2,273.10 1 0
github.com/gkgoat1/scripts/gitall/main.go:273.10,275.3 1 0
github.com/gkgoat1/scripts/gitall/main.go:276.2,277.16 2 0
github.com/gkgoat1/scripts/gitall/main.go:277.16,279.3 1 0
github.com/gkgoat1/scripts/gitall/main.go:280.2,280.22 1 0
github.com/gkgoat1/scripts/gitall/main.go:280.22,283.3 2 0
github.com/gkgoat1/scripts/gitall/main.go:284.2,285.53 2 0
github.com/gkgoat1/scripts/gitall/main.go:285.53,288.3 2 0
github.com/gkgoat1/scripts/gitall/main.go:289.2,290.38 2 0
github.com/gkgoat1/scripts/gitall/main.go:290.38,293.3 2 0
github.com/gkgoat1/scripts/gitall/main.go:294.2,294.63 1 0
github.com/gkgoat1/scripts/gitall/main.go:294.63,295.20 1 0
github.com/gkgoat1/scripts/gitall/main.go:295.20,298.4 2 0
github.com/gkgoat1/scripts/gitall/main.go:299.3,300.16 2 0
github.com/gkgoat1/scripts/gitall/main.go:300.16,302.4 1 0
github.com/gkgoat1/scripts/gitall/main.go:303.3,304.72 2 0
github.com/gkgoat1/scripts/gitall/main.go:304.72,307.4 2 0
github.com/gkgoat1/scripts/gitall/main.go:309.2,309.12 1 0
github.com/gkgoat1/scripts/gitall/main.go:312.57,315.2 2 0
github.com/gkgoat1/scripts/gitall/main.go:318.71,319.12 1 0
github.com/gkgoat1/scripts/gitall/main.go:319.12,322.3 2 0
github.com/gkgoat1/scripts/gitall/main.go:323.2,324.28 2 0
github.com/gkgoat1/scripts/gitall/main.go:324.28,327.15 3 0
github.com/gkgoat1/scripts/gitall/main.go:327.15,329.4 1 0
github.com/gkgoat1/scripts/gitall/main.go:330.3,331.46 2 0
github.com/gkgoat1/scripts/gitall/main.go:331.46,334.4 2 0
github.com/gkgoat1/scripts/gitall/main.go:336.2,336.11 1 0
github.com/gkgoat1/scripts/gitall/main.go:342.84,343.21 1 0
github.com/gkgoat1/scripts/gitall/main.go:343.21,345.3 1 0
github.com/gkgoat1/scripts/gitall/main.go:346.2,347.26 2 0
github.com/gkgoat1/scripts/gitall/main.go:347.26,349.21 2 0
github.com/gkgoat1/scripts/gitall/main.go:349.21,351.4 1 0
github.com/gkgoat1/scripts/gitall/main.go:353.2,354.18 2 0
github.com/gkgoat1/scripts/gitall/main.go:354.18,355.17 1 0
github.com/gkgoat1/scripts/gitall/main.go:355.17,357.4 1 0
github.com/gkgoat1/scripts/gitall/main.go:359.2,359.11 1 0
github.com/gkgoat1/scripts/gitall/main.go:363.55,365.26 2 0
github.com/gkgoat1/scripts/gitall/main.go:365.26,367.3 1 0
github.com/gkgoat1/scripts/gitall/main.go:368.2,368.10 1 0
github.com/gkgoat1/scripts/gitall/main.go:373.59,375.28 2 0
github.com/gkgoat1/scripts/gitall/main.go:375.28,377.17 2 0
github.com/gkgoat1/scripts/gitall/main.go:377.17,378.12 1 0
github.com/gkgoat1/scripts/gitall/main.go:380.3,380.50 1 0
github.com/gkgoat1/scripts/gitall/main.go:380.50,382.4 1 0
github.com/gkgoat1/scripts/gitall/main.go:384.2,384.12 1 0
github.com/gkgoat1/scripts/gitall/main.go:389.54,390.14 1 0
github.com/gkgoat1/scripts/gitall/main.go:390.14,393.3 2 0
github.com/gkgoat1/scripts/gitall/main.go:394.2,397.18 4 0
github.com/gkgoat1/scripts/gitall/main.go:400.54,402.16 2 0
github.com/gkgoat1/scripts/gitall/main.go:402.16,404.3 1 0
github.com/gkgoat1/scripts/gitall/main.go:405.2,405.33 1 0
github.com/gkgoat1/scripts/gitall/main.go:408.53,411.2 2 0
github.com/gkgoat1/scripts/gitall/main.go:416.57,419.2 2 0
github.com/gkgoat1/scripts/gitall/main.go:426.48,429.29 3 13
github.com/gkgoat1/scripts/gitall/main.go:429.29,430.31 1 33
github.com/gkgoat1/scripts/gitall/main.go:430.31,431.12 1 24
github.com/gkgoat1/scripts/gitall/main.go:433.3,435.58 3 9
github.com/gkgoat1/scripts/gitall/main.go:435.58,437.4 1 7
github.com/gkgoat1/scripts/gitall/main.go:438.3,438.19 1 2
github.com/gkgoat1/scripts/gitall/main.go:440.2,440.18 1 4
github.com/gkgoat1/scripts/gitall/main.go:444.46,446.2 1 5
github.com/gkgoat1/scripts/gitall/main.go:450.51,452.38 2 15
github.com/gkgoat1/scripts/gitall/main.go:452.38,454.3 1 3
github.com/gkgoat1/scripts/gitall/main.go:455.2,456.26 2 12
github.com/gkgoat1/scripts/gitall/main.go:456.26,458.3 1 6
github.com/gkgoat1/scripts/gitall/main.go:459.2,459.16 1 6
github.com/gkgoat1/scripts/gitall/main.go:462.58,465.2 2 0
github.com/gkgoat1/scripts/gitall/main.go:468.53,469.14 1 0
github.com/gkgoat1/scripts/gitall/main.go:469.14,472.3 2 0
github.com/gkgoat1/scripts/gitall/main.go:473.2,477.18 5 0
github.com/gkgoat1/scripts/gitall/main.go:481.63,487.34 6 0
github.com/gkgoat1/scripts/gitall/main.go:487.34,489.3 1 0
github.com/gkgoat1/scripts/gitall/main.go:490.2,490.39 1 0
github.com/gkgoat1/scripts/gitall/main.go:502.70,505.51 3 0
github.com/gkgoat1/scripts/gitall/main.go:505.51,507.3 1 0
github.com/gkgoat1/scripts/gitall/main.go:508.2,508.31 1 0
github.com/gkgoat1/scripts/gitall/main.go:508.31,511.3 2 0
github.com/gkgoat1/scripts/gitall/main.go:512.2,513.25 2 0
github.com/gkgoat1/scripts/gitall/main.go:513.25,514.55 1 0
github.com/gkgoat1/scripts/gitall/main.go:514.55,516.4 1 0
github.com/gkgoat1/scripts/gitall/main.go:518.2,518.38 1 0
github.com/gkgoat1/scripts/gitall/main.go:518.38,518.78 1 0
github.com/gkgoat1/scripts/gitall/main.go:519.2,519.17 1 0
github.com/gkgoat1/scripts/gitall/main.go:525.78,527.16 2 0
github.com/gkgoat1/scripts/gitall/main.go:527.16,529.3 1 0
github.com/gkgoat1/scripts/gitall/main.go:530.2,531.48 2 0
github.com/gkgoat1/scripts/gitall/main.go:531.48,533.23 2 0
github.com/gkgoat1/scripts/gitall/main.go:533.23,534.12 1 0
github.com/gkgoat1/scripts/gitall/main.go:536.3,537.45 2 0
github.com/gkgoat1/scripts/gitall/main.go:537.45,539.4 1 0
github.com/gkgoat1/scripts/gitall/main.go:541.2,541.18 1 0
github.com/gkgoat1/scripts/gitall/main.go:546.73,547.59 1 0
github.com/gkgoat1/scripts/gitall/main.go:547.59,549.3 1 0
github.com/gkgoat1/scripts/gitall/main.go:550.2,551.24 2 0
github.com/gkgoat1/scripts/gitall/main.go:558.59,560.16 2 0
github.com/gkgoat1/scripts/gitall/main.go:560.16,562.3 1 0
github.com/gkgoat1/scripts/gitall/main.go:563.2,564.9 2 0
github.com/gkgoat1/scripts/gitall/main.go:564.9,566.3 1 0
github.com/gkgoat1/scripts/gitall/main.go:567.2,568.16 2 0
github.com/gkgoat1/scripts/gitall/main.go:568.16,570.3 1 0
github.com/gkgoat1/scripts/gitall/main.go:571.2,571.20 1 0
github.com/gkgoat1/scripts/gitall/main.go:571.20,573.3 1 0
github.com/gkgoat1/scripts/gitall/main.go:574.2,575.16 2 0
github.com/gkgoat1/scripts/gitall/main.go:575.16,577.3 1 0
github.com/gkgoat1/scripts/gitall/main.go:579.2,580.16 2 0
github.com/gkgoat1/scripts/gitall/main.go:580.16,582.3 1 0
github.com/gkgoat1/scripts/gitall/main.go:583.2,583.31 1 0
github.com/gkgoat1/scripts/gitall/main.go:583.31,585.30 2 0
github.com/gkgoat1/scripts/gitall/main.go:585.30,586.12 1 0
github.com/gkgoat1/scripts/gitall/main.go:588.3,589.87 2 0
github.com/gkgoat1/scripts/gitall/main.go:589.87,591.4 1 0
github.com/gkgoat1/scripts/gitall/main.go:592.3,592.13 1 0
github.com/gkgoat1/scripts/gitall/main.go:595.2,596.16 2 0
github.com/gkgoat1/scripts/gitall/main.go:596.16,598.3 1 0
github.com/gkgoat1/scripts/gitall/main.go:599.2,600.25 2 0
github.com/gkgoat1/scripts/gitall/main.go:600.25,601.13 1 0
github.com/gkgoat1/scripts/gitall/main.go:601.13,603.4 1 0
github.com/gkgoat1/scripts/gitall/main.go:605.2,607.77 3 0
github.com/gkgoat1/scripts/gitall/main.go:607.77,609.3 1 0
github.com/gkgoat1/scripts/gitall/main.go:610.2,611.105 2 0
github.com/gkgoat1/scripts/gitall/main.go:611.105,613.3 1 0
github.com/gkgoat1/scripts/gitall/main.go:614.2,614.12 1 0
github.com/gkgoat1/scripts/gitall/main.go:617.50,618.53 1 0
github.com/gkgoat1/scripts/gitall/main.go:618.53,620.3 1 0
github.com/gkgoat1/scripts/gitall/main.go:621.2,622.16 2 0
github.com/gkgoat1/scripts/gitall/main.go:622.16,624.3 1 0
github.com/gkgoat1/scripts/gitall/main.go:625.2,625.42 1 0
github.com/gkgoat1/scripts/gitall/main.go:632.54,634.25 2 0
github.com/gkgoat1/scripts/gitall/main.go:634.25,636.3 1 0
github.com/gkgoat1/scripts/gitall/main.go:637.2,637.23 1 0
github.com/gkgoat1/scripts/gitall/main.go:637.23,639.3 1 0
github.com/gkgoat1/scripts/gitall/main.go:640.2,641.49 2 0
github.com/gkgoat1/scripts/gitall/main.go:641.49,643.3 1 0
github.com/gkgoat1/scripts/gitall/main.go:644.2,644.65 1 0
github.com/gkgoat1/scripts/gitall/main.go:644.65,646.3 1 0
github.com/gkgoat1/scripts/gitall/main.go:647.2,647.18 1 0
github.com/gkgoat1/scripts/gitall/main.go:654.45,655.14 1 0
github.com/gkgoat1/scripts/gitall/main.go:655.14,658.3 2 0
github.com/gkgoat1/scripts/gitall/main.go:659.2,663.15 5 0
github.com/gkgoat1/scripts/gitall/main.go:666.49,668.16 2 0
github.com/gkgoat1/scripts/gitall/main.go:668.16,670.3 1 0
github.com/gkgoat1/scripts/gitall/main.go:671.2,671.46 1 0
github.com/gkgoat1/scripts/gitall/main.go:674.68,676.2 1 0
github.com/gkgoat1/scripts/gitall/main.go:678.59,683.34 5 0
github.com/gkgoat1/scripts/gitall/main.go:683.34,685.3 1 0
github.com/gkgoat1/scripts/gitall/main.go:686.2,686.26 1 0
github.com/gkgoat1/scripts/gitall/main.go:694.58,696.37 2 7
github.com/gkgoat1/scripts/gitall/main.go:696.37,699.3 2 1
github.com/gkgoat1/scripts/gitall/main.go:700.2,700.32 1 7
github.com/gkgoat1/scripts/gitall/main.go:700.32,702.3 1 1
github.com/gkgoat1/scripts/gitall/main.go:704.2,704.40 1 6
github.com/gkgoat1/scripts/gitall/main.go:704.40,705.49 1 1
github.com/gkgoat1/scripts/gitall/main.go:705.49,707.4 1 1
github.com/gkgoat1/scripts/gitall/main.go:709.2,709.31 1 5
github.com/gkgoat1/scripts/gitall/main.go:709.31,711.17 2 1
github.com/gkgoat1/scripts/gitall/main.go:711.17,713.4 1 0
github.com/gkgoat1/scripts/gitall/main.go:714.3,714.33 1 1
github.com/gkgoat1/scripts/gitall/main.go:715.8,715.31 1 4
github.com/gkgoat1/scripts/gitall/main.go:715.31,717.3 1 1
github.com/gkgoat1/scripts/gitall/main.go:718.2,719.16 2 5
github.com/gkgoat1/scripts/gitall/main.go:719.16,721.3 1 0
github.com/gkgoat1/scripts/gitall/main.go:722.2,723.16 2 5
github.com/gkgoat1/scripts/gitall/main.go:723.16,725.3 1 2
github.com/gkgoat1/scripts/gitall/main.go:726.2,726.20 1 3
github.com/gkgoat1/scripts/gitall/main.go:726.20,728.3 1 0
github.com/gkgoat1/scripts/gitall/main.go:729.2,729.17 1 3
github.com/gkgoat1/scripts/gitall/main.go:733.34,734.65 1 4
github.com/gkgoat1/scripts/gitall/main.go:734.65,736.3 1 4
github.com/gkgoat1/scripts/gitall/main.go:737.2,740.25 4 0
github.com/gkgoat1/scripts/gitall/main.go:744.34,747.2 2 5
github.com/gkgoat1/scripts/gitall/main.go:751.67,752.21 1 0
github.com/gkgoat1/scripts/gitall/main.go:752.21,754.3 1 0
github.com/gkgoat1/scripts/gitall/main.go:755.2,755.27 1 0
github.com/gkgoat1/scripts/gitall/main.go:760.52,762.29 2 2
github.com/gkgoat1/scripts/gitall/main.go:762.29,764.17 2 2
github.com/gkgoat1/scripts/gitall/main.go:764.17,766.4 1 0
github.com/gkgoat1/scripts/gitall/main.go:767.3,767.79 1 2
github.com/gkgoat1/scripts/gitall/main.go:767.79,768.18 1 5
github.com/gkgoat1/scripts/gitall/main.go:768.18,770.5 1 0
github.com/gkgoat1/scripts/gitall/main.go:771.4,771.18 1 5
github.com/gkgoat1/scripts/gitall/main.go:771.18,773.5 1 0
github.com/gkgoat1/scripts/gitall/main.go:774.4,774.65 1 5
github.com/gkgoat1/scripts/gitall/main.go:774.65,776.5 1 2
github.com/gkgoat1/scripts/gitall/main.go:777.4,777.23 1 3
github.com/gkgoat1/scripts/gitall/main.go:777.23,780.5 2 1
github.com/gkgoat1/scripts/gitall/main.go:781.4,781.14 1 2
github.com/gkgoat1/scripts/gitall/main.go:783.3,783.17 1 2
github.com/gkgoat1/scripts/gitall/main.go:783.17,785.4 1 0
github.com/gkgoat1/scripts/gitall/main.go:787.2,787.19 1 2
github.com/gkgoat1/scripts/gitall/main.go:792.54,798.29 3 0
github.com/gkgoat1/scripts/gitall/main.go:798.29,800.17 2 0
github.com/gkgoat1/scripts/gitall/main.go:800.17,802.4 1 0
github.com/gkgoat1/scripts/gitall/main.go:803.3,803.79 1 0
github.com/gkgoat1/scripts/gitall/main.go:803.79,804.18 1 0
github.com/gkgoat1/scripts/gitall/main.go:804.18,806.5 1 0
github.com/gkgoat1/scripts/gitall/main.go:807.4,807.18 1 0
github.com/gkgoat1/scripts/gitall/main.go:807.18,808.29 1 0
github.com/gkgoat1/scripts/gitall/main.go:808.29,811.70 3 0
github.com/gkgoat1/scripts/gitall/main.go:811.70,813.7 1 0
github.com/gkgoat1/scripts/gitall/main.go:814.6,814.61 1 0
github.com/gkgoat1/scripts/gitall/main.go:816.5,816.15 1 0
github.com/gkgoat1/scripts/gitall/main.go:818.4,818.26 1 0
github.com/gkgoat1/scripts/gitall/main.go:818.26,820.5 1 0
github.com/gkgoat1/scripts/gitall/main.go:821.4,821.14 1 0
github.com/gkgoat1/scripts/gitall/main.go:823.3,823.17 1 0
github.com/gkgoat1/scripts/gitall/main.go:823.17,825.4 1 0
github.com/gkgoat1/scripts/gitall/main.go:829.2,831.29 3 0
github.com/gkgoat1/scripts/gitall/main.go:831.29,833.17 2 0
github.com/gkgoat1/scripts/gitall/main.go:833.17,835.4 1 0
github.com/gkgoat1/scripts/gitall/main.go:836.3,836.15 1 0
github.com/gkgoat1/scripts/gitall/main.go:836.15,837.12 1 0
github.com/gkgoat1/scripts/gitall/main.go:839.3,842.17 4 0
github.com/gkgoat1/scripts/gitall/main.go:842.17,844.4 1 0
github.com/gkgoat1/scripts/gitall/main.go:845.3,845.31 1 0
github.com/gkgoat1/scripts/gitall/main.go:847.2,847.19 1 0
github.com/gkgoat1/scripts/gitall/main.go:850.43,853.26 3 1
github.com/gkgoat1/scripts/gitall/main.go:853.26,855.17 2 3
github.com/gkgoat1/scripts/gitall/main.go:855.17,857.4 1 0
github.com/gkgoat1/scripts/gitall/main.go:858.3,858.15 1 3
github.com/gkgoat1/scripts/gitall/main.go:858.15,859.12 1 1
github.com/gkgoat1/scripts/gitall/main.go:861.3,862.24 2 2
github.com/gkgoat1/scripts/gitall/main.go:864.2,865.12 2 1
